License checkout took 0.033 sec
License checkout took 0.012 sec
Momentum MomEngine_64 2021.00.281 (*) built: Jul 13 2020
Copyright  1992 - 2020 Keysight Technologies
Simulation started on: Sat May  7 21:26:33 2022
Simulation Mode: uW
Substrate valid
Using the minimal snap distance of 0.0004 mm
(4 layout resolution points) for layout healing.
Layout simplification started
.........|.........|.........|.........| 
Layout simplification finished
Generating mesh at 10 GHz...
S-parameter simulation
S-parameter simulation started
...initializing
...extracting layout
...expanding thick conductors
...analyzing ports
...reducing mesh
Automatic selection: direct dense matrix solver
Using multi-threading (8 threads)
Matrix size: 330 (reduced: 212)
Simulation temperature: 298.15 K
Adaptive frequency sweep started
Simulation frequency [1] = 100 MHz
...loading Green functions
...creating Basis sections
...allocating interaction matrix
...loading interaction matrix
.........|.........|.........|.........| 
...solving interaction matrix
.........|.........|.........|.........| 
...calculating S-parameters
Simulation frequency [2] = 10 GHz
...loading Green functions
...loading interaction matrix
.........|.........|.........|.........| 
...solving interaction matrix
.........|.........|.........|.........| 
...calculating S-parameters
Adaptive:   0.0 % of frequency range covered
Simulation frequency [3] = 6.7 GHz
...loading Green functions
...loading interaction matrix
.........|.........|.........|.........| 
...solving interaction matrix
.........|.........|.........|.........| 
...calculating S-parameters
Simulation frequency [4] = 3.4 GHz
...loading Green functions
...loading interaction matrix
.........|.........|.........|.........| 
...solving interaction matrix
.........|.........|.........|.........| 
...calculating S-parameters
Simulation frequency [5] = 1.75 GHz
...loading Green functions
...loading interaction matrix
.........|.........|.........|.........| 
...solving interaction matrix
.........|.........|.........|.........| 
...calculating S-parameters
Simulation frequency [6] = 5.05 GHz
...loading Green functions
...loading interaction matrix
.........|.........|.........|.........| 
...solving interaction matrix
.........|.........|.........|.........| 
...calculating S-parameters
Simulation frequency [7] = 8.35 GHz
...loading Green functions
...loading interaction matrix
.........|.........|.........|.........| 
...solving interaction matrix
.........|.........|.........|.........| 
...calculating S-parameters
Simulation frequency [8] = 925 MHz
...loading Green functions
...loading interaction matrix
.........|.........|.........|.........| 
...solving interaction matrix
.........|.........|.........|.........| 
...calculating S-parameters
Simulation frequency [9] = 9.175 GHz
...loading Green functions
...loading interaction matrix
.........|.........|.........|.........| 
...solving interaction matrix
.........|.........|.........|.........| 
...calculating S-parameters
Adaptive: 100.0 % of frequency range covered
S-parameter simulation finished
Simulation finished on: Sat May  7 21:26:35 2022
The simulation results have been saved in dataset "RF_Channel_MomUW".
