1.08117371782294724e+00
9.85463895956174341e-01
9.75346282450807789e-01
9.61702205265881127e-01
9.38382012442750546e-01
9.28018265670680575e-01
9.22869556832144888e-01
9.21355041951774978e-01
9.16336360752805668e-01
8.98616209932581400e-01
8.96511762855107031e-01
8.57225603233877420e-01
8.40592167322340433e-01
8.32934682565067974e-01
8.10709977337886634e-01
8.01470680034065519e-01
7.96952970652910930e-01
7.87587812825983558e-01
7.77874920196721886e-01
7.69111684522609584e-01
7.60012768978077902e-01
7.59715396641714502e-01
7.44241216842675968e-01
7.44214727065612980e-01
7.38279281383501518e-01
7.34710673718570573e-01
7.30912812223484143e-01
7.26300558622573589e-01
7.21623871431382069e-01
7.16379753026562316e-01
7.09749691999435051e-01
7.08821277439710351e-01
7.06581610819061789e-01
6.92197609875097930e-01
6.90445296314043944e-01
6.88846350626390880e-01
6.85079648081986736e-01
6.78960586451656134e-01
6.78542111882753374e-01
6.77056770096560956e-01
6.74632777619498247e-01
6.69645475226091080e-01
6.67545810812311902e-01
6.66582561303169396e-01
6.64662215465764206e-01
6.62185956300042067e-01
6.54530368355704106e-01
6.54073187196381078e-01
6.53478602743370440e-01
6.40373464584130137e-01
6.39529020368609036e-01
6.36601505650301380e-01
6.34644116541372649e-01
6.29470358843043143e-01
6.20250905534717401e-01
6.13887598922121303e-01
6.12943396334428736e-01
6.11754232198578163e-01
6.09593710583798298e-01
6.06961181982075493e-01
6.05843451213692541e-01
6.04752610588768946e-01
6.03553355252771095e-01
6.02435846140327191e-01
6.01867056780405973e-01
6.01323935013768573e-01
6.00142332100233489e-01
5.93356486342179634e-01
5.92850719023856554e-01
5.90803864274827339e-01
5.86205359678081073e-01
5.84492537552894320e-01
5.82304412560594731e-01
5.81480672977483737e-01
5.76519870538548140e-01
5.74428513808605268e-01
5.73591739634586317e-01
5.73114631443459865e-01
5.69351907865521922e-01
5.68564705697408246e-01
5.59733868898271369e-01
5.54259348369823268e-01
5.54170147278198910e-01
5.51530941930486129e-01
5.51413674036577706e-01
5.48094792681093623e-01
5.46444229425463002e-01
5.46394884386146806e-01
5.46135581641116530e-01
5.41905423034865885e-01
5.41741852070757424e-01
5.41075806366567158e-01
5.40382010622253106e-01
5.40070228990081835e-01
5.39393589692217290e-01
5.38532351721936919e-01
5.37384654337951129e-01
5.36840622958143721e-01
5.36720715259873526e-01
5.36538588545140915e-01
5.36211938477976435e-01
5.35199417958226675e-01
5.34203410613221075e-01
5.29539581243113289e-01
5.27991710857171115e-01
5.27055637158988843e-01
5.25469529241046618e-01
5.22520099469931942e-01
5.22312937763959040e-01
5.20240367034079720e-01
5.16532559892114884e-01
5.12832306526951331e-01
5.12223121747466981e-01
5.11016391865736108e-01
5.10599199329778486e-01
5.04590682580838168e-01
5.03647595362547884e-01
5.00985926738953924e-01
5.00422983824832968e-01
4.93815243850381780e-01
4.88672838071179949e-01
4.87293491043118865e-01
4.86998454883097232e-01
4.85050051404300131e-01
4.84563495496134367e-01
4.78926719652461141e-01
4.78782284429167704e-01
4.78031466349826184e-01
4.77714782726020581e-01
4.74894989497457287e-01
4.74204031684712701e-01
4.73960672489451285e-01
4.73497931388153548e-01
4.70704688888712475e-01
4.69626079290333731e-01
4.68685849875010663e-01
4.65142025947094251e-01
4.57980078264103307e-01
4.56644117445580311e-01
4.51625554937223950e-01
4.49976926607835281e-01
4.49484961845840914e-01
4.44364258623511754e-01
4.38760748287344515e-01
4.33591674015217310e-01
4.33569376882000868e-01
4.31892001246037827e-01
4.29343443788269608e-01
4.29178910020393212e-01
4.27312971747294934e-01
4.24405741685235427e-01
4.21442332495541472e-01
4.19666428702094807e-01
4.19613197614604805e-01
4.17851821953556024e-01
4.17112321549475085e-01
4.16625211787594818e-01
4.14942306751293233e-01
4.14500614510580123e-01
4.14475467340380821e-01
4.13986880382855360e-01
4.13647721639875843e-01
4.13296607574731856e-01
4.13249866546997913e-01
4.11916571830337253e-01
4.11784819830091964e-01
4.11150824591461739e-01
4.06234324598061802e-01
4.02694176082832311e-01
4.02617012115409623e-01
4.00981905797911653e-01
3.97309279821500771e-01
3.96124231339042787e-01
3.95635980092733985e-01
3.95209783310723040e-01
3.89039792223327463e-01
3.88674291563900820e-01
3.88557478252266997e-01
3.87073319677405658e-01
3.87003615928434019e-01
3.85372810125627074e-01
3.84831398610242847e-01
3.84495624605773301e-01
3.82404324134503870e-01
3.81425695738051074e-01
3.81343564722811279e-01
3.81160740921967445e-01
3.80239217060512669e-01
3.78207202998435910e-01
3.77502190686123618e-01
3.75193456809806702e-01
3.74048941544568636e-01
3.72525263002140450e-01
3.72498058167891055e-01
3.72103407811260112e-01
3.70423396455174136e-01
3.69944595059334913e-01
3.64324693022583579e-01
3.63009723586207922e-01
3.59850411429463668e-01
3.59551248312423632e-01
3.59503808469467334e-01
3.58708565961716741e-01
3.57878763219701801e-01
3.55512212128475613e-01
3.55430302320158154e-01
3.55245458369155775e-01
3.54260213061414531e-01
3.53887550016214858e-01
3.52851677400793651e-01
3.51671614018412737e-01
3.51621379247108123e-01
3.51421019266553114e-01
3.50864332807684920e-01
3.50681445315832896e-01
3.50146113058344310e-01
3.48353341207489453e-01
3.44486399448612424e-01
3.43695376782006012e-01
3.41510624562436360e-01
3.40838805724991201e-01
3.40225774449817608e-01
3.40188042699075377e-01
3.40051376738398914e-01
3.39875195869534352e-01
3.39505670545466154e-01
3.39298618102586380e-01
3.39063274194143671e-01
3.38430958728983544e-01
3.37478842720394911e-01
3.37256147356564395e-01
3.36706453363728786e-01
3.36207999016069514e-01
3.35721394962300135e-01
3.34808010727434713e-01
3.33884525062905280e-01
3.33397342623530157e-01
3.32848086304465163e-01
3.32179590132693603e-01
3.31210730516146912e-01
3.29356815173639683e-01
3.29141549996512739e-01
3.28312563314052563e-01
3.27177953658886411e-01
3.27115041227869607e-01
3.25902436271506724e-01
3.24739385939435521e-01
3.23689306572728652e-01
3.22996937608339085e-01
3.22483527234504241e-01
3.21887080904037337e-01
3.20970549429681895e-01
3.19059354876044310e-01
3.18202836833537339e-01
3.17831961788832218e-01
3.16381114705094002e-01
3.13771238197840197e-01
3.13399994795693193e-01
3.13323016649680708e-01
3.12977962563650902e-01
3.12715674274407274e-01
3.10830214231001101e-01
3.09887851870398745e-01
3.07994597925951630e-01
3.07963482587585047e-01
3.07043991878337308e-01
3.06608504615465294e-01
3.05103150706806880e-01
3.04144514907480956e-01
3.03257547345748724e-01
3.01463249968850600e-01
2.96967078193221268e-01
2.96579906955512063e-01
2.96067251372230777e-01
2.94323856103492654e-01
2.94132821769812092e-01
2.93847728845911038e-01
2.93162101238972517e-01
2.92821218780278503e-01
2.92728808553745667e-01
2.92384329617744687e-01
2.92313024555460099e-01
2.92022983231282118e-01
2.91852843442999332e-01
2.90587428771504785e-01
2.90290489223551218e-01
2.90056546199451482e-01
2.88795558924048512e-01
2.87529517219011821e-01
2.86626284211638327e-01
2.83575615926914659e-01
2.83078607411646532e-01
2.82584293292349187e-01
2.81083996912076028e-01
2.80880404984923504e-01
2.78771435610504770e-01
2.78417665721757523e-01
2.78312541015707793e-01
2.78003126493408470e-01
2.77911700270249751e-01
2.77362527436521566e-01
2.76843199384763261e-01
2.76072378616813996e-01
2.75621749305123787e-01
2.75359683555757240e-01
2.75126372469745972e-01
2.74149677328725472e-01
2.73049815766027937e-01
2.71691469278314279e-01
2.71384652866577203e-01
2.69098604486624315e-01
2.68424763016200552e-01
2.67417041797280375e-01
2.67363041321641182e-01
2.67341933402696907e-01
2.67076770674644415e-01
2.67027533000641526e-01
2.66802652664633599e-01
2.66424784525931935e-01
2.66167958886337375e-01
2.65939795733337148e-01
2.65207816451566103e-01
2.65201429260579657e-01
2.65053774257044850e-01
2.64725530471764059e-01
2.62260190006757821e-01
2.61809960121930030e-01
2.60090241121984311e-01
2.59854596485884326e-01
2.59155362802738765e-01
2.58311496527043050e-01
2.58016620257450535e-01
2.57858551975704731e-01
2.57712020631001681e-01
2.57356708805055290e-01
2.57138382837430290e-01
2.56877458735728648e-01
2.56578190566214559e-01
2.56289601636858044e-01
2.54952922521245795e-01
2.54071879541738377e-01
2.54066727075486831e-01
2.54026613286476188e-01
2.52376010169313603e-01
2.52130090992802702e-01
2.51357854591969132e-01
2.51124703701611218e-01
2.50355789664782447e-01
2.50089823925319421e-01
2.49466942885116394e-01
2.49290121105272461e-01
2.48960670809784235e-01
2.48279079007628634e-01
2.48189546751405948e-01
2.47657142504947220e-01
2.46125142149701409e-01
2.45848506475471185e-01
2.45686221985697867e-01
2.45446288707474619e-01
2.45039512961769040e-01
2.44898552019785193e-01
2.44858108383099876e-01
2.44621883816157820e-01
2.44594630447366485e-01
2.44594259211939280e-01
2.44112844575930604e-01
2.43046100133587822e-01
2.42615306448558887e-01
2.42615056271812068e-01
2.42003300051587295e-01
2.40378070882047240e-01
2.39828194373007619e-01
2.39498302823256209e-01
2.39441980899752299e-01
2.37914245594352786e-01
2.37364618709654279e-01
2.37300080324931523e-01
2.36782749083761401e-01
2.35224778793674788e-01
2.35078326165874540e-01
2.33806057991554933e-01
2.32204884151725022e-01
2.31872714977192779e-01
2.31703672904184088e-01
2.31610296435347612e-01
2.31552488028099662e-01
2.31443814243031842e-01
2.30937149995767088e-01
2.30789407381564116e-01
2.30650607857595114e-01
2.29913268719584729e-01
2.28200334580065861e-01
2.28116803051866074e-01
2.27947345500660981e-01
2.27690902171734572e-01
2.27602547582948678e-01
2.27384655243116490e-01
2.27114469510653505e-01
2.26863969441681468e-01
2.26191088134600649e-01
2.25670649751746000e-01
2.25388739528313120e-01
2.25139696787497928e-01
2.24308246105926229e-01
2.24248494826441797e-01
2.23822744410094587e-01
2.23133273678675248e-01
2.22887466998456213e-01
2.22578409524333609e-01
2.22506018220950536e-01
2.22429268402945912e-01
2.21043312568855649e-01
2.20044670004729825e-01
2.19905359323583377e-01
2.19635596196388089e-01
2.19607106001483116e-01
2.19011499438661300e-01
2.18965686452755159e-01
2.18687089518140476e-01
2.18018720115200515e-01
2.17936965654135312e-01
2.17875754868636085e-01
2.17213124567806476e-01
2.15368598888652035e-01
2.15361402695505300e-01
2.13730272626910356e-01
2.13339565511170559e-01
2.12695066241067959e-01
2.12504181116986240e-01
2.12079142135062293e-01
2.11237361629512038e-01
2.10806041717773923e-01
2.10705118663861629e-01
2.10235335215686547e-01
2.09796421494180596e-01
2.09595268365540405e-01
2.09468093394058780e-01
2.09270019340273311e-01
2.09010131714288533e-01
2.08896776372179571e-01
2.08754845694127528e-01
2.08343918267488937e-01
2.07869635227244054e-01
2.07745189351970089e-01
2.07602573414153863e-01
2.07584964838755853e-01
2.05678789882083851e-01
2.05121804779595435e-01
2.04594615901326632e-01
2.04390863069579626e-01
2.02728778132597626e-01
2.02429885319816011e-01
2.02122789506019390e-01
2.02043547441368515e-01
2.01212110549340101e-01
1.99659349948841963e-01
1.98712418856842876e-01
1.98618104448154753e-01
1.97688010368775535e-01
1.97657965935262969e-01
1.97287083256025869e-01
1.97222113887669109e-01
1.96989669846613397e-01
1.96596974507010164e-01
1.96401031726069430e-01
1.95443450608817265e-01
1.95196408389148340e-01
1.94688098865547277e-01
1.94292165329693317e-01
1.94209018493794239e-01
1.93868176780782442e-01
1.93855980832128544e-01
1.93850940874147282e-01
1.93712676233039782e-01
1.92891635934878569e-01
1.92311819510374848e-01
1.91641065171357677e-01
1.91452118315245251e-01
1.91182292317752467e-01
1.90777059886665240e-01
1.90377723685439648e-01
1.89724111033901993e-01
1.89629214414729602e-01
1.88916969089055059e-01
1.88729127285497150e-01
1.88727706809452833e-01
1.88215701470671515e-01
1.88175473159322981e-01
1.87862186934934283e-01
1.87657764927205012e-01
1.87555050086388342e-01
1.87241165932418435e-01
1.86740618180639750e-01
1.86593393499210169e-01
1.86522919188223724e-01
1.86264468657693999e-01
1.86192627046905368e-01
1.85906200737085275e-01
1.85285881185749374e-01
1.85238420424169548e-01
1.84665220346581060e-01
1.84439589792976366e-01
1.83800248696901092e-01
1.82943445471339117e-01
1.82766592888650103e-01
1.82444071454248735e-01
1.82318362513245430e-01
1.82143706358105506e-01
1.81690073122788898e-01
1.81394916353625646e-01
1.80610725465271432e-01
1.80347118343031576e-01
1.79677501228355158e-01
1.79136726127694268e-01
1.78998763483377482e-01
1.78194387570431989e-01
1.78186117623374884e-01
1.78050083987871560e-01
1.78006879583853361e-01
1.76343331033932738e-01
1.76118346346612747e-01
1.75284139949243994e-01
1.75112140134659450e-01
1.74583179635968283e-01
1.74376991584609287e-01
1.74215564877200191e-01
1.74145744239713796e-01
1.73190948818877227e-01
1.72875594199028482e-01
1.72819398928671403e-01
1.72752768070362439e-01
1.72311463961883432e-01
1.72107714132904016e-01
1.71069332941319263e-01
1.71057709578296663e-01
1.70650844226496651e-01
1.70437684369870029e-01
1.69473731460454274e-01
1.69431012197921865e-01
1.69339874212802166e-01
1.68866471135829699e-01
1.68738633272087935e-01
1.68562255318263549e-01
1.68513150033323844e-01
1.68007269592628711e-01
1.67805608620079760e-01
1.67692717036275613e-01
1.67537366479502042e-01
1.67415024251949374e-01
1.67395037439880101e-01
1.66625100449479979e-01
1.66432299248366278e-01
1.66425997813422405e-01
1.63945413065956558e-01
1.63848482495588865e-01
1.63775831608325456e-01
1.63611229260733432e-01
1.63474193418814695e-01
1.63282338945305833e-01
1.62597256494845854e-01
1.61266500650014605e-01
1.60615078853641929e-01
1.60311319130421903e-01
1.60240991957520340e-01
1.59898082101720435e-01
1.59893877524967948e-01
1.59862867003019521e-01
1.59540223914177770e-01
1.59316469668849159e-01
1.58272546486302623e-01
1.58195346535159598e-01
1.58170199749944479e-01
1.58084936976815887e-01
1.58032640133721980e-01
1.57722654427503078e-01
1.57353252197769466e-01
1.57107808703952606e-01
1.56856864101105414e-01
1.56718809372967394e-01
1.56346093678622233e-01
1.56257885642137134e-01
1.56012318090079455e-01
1.55933968465247708e-01
1.55519972581818045e-01
1.55453400346584114e-01
1.55203037293147023e-01
1.54911608899278186e-01
1.54530333283745908e-01
1.53882803650711997e-01
1.53483387954435835e-01
1.53432845349309427e-01
1.53417415458056899e-01
1.52732569590251416e-01
1.52108089028387100e-01
1.52090026845874499e-01
1.51730145559490215e-01
1.51440839131839533e-01
1.51368487916458044e-01
1.51329457517118404e-01
1.50697662171562857e-01
1.50253113316652170e-01
1.49864596548279078e-01
1.49458148674404351e-01
1.48968646764048140e-01
1.48803741393631395e-01
1.48688759512220270e-01
1.48667330168317791e-01
1.48588088211179276e-01
1.48286164278588622e-01
1.48125454972952875e-01
1.48031685086980030e-01
1.47908484707754112e-01
1.47595718055452019e-01
1.47376859304062746e-01
1.47205367806626852e-01
1.47171595239147385e-01
1.47135156906761239e-01
1.46890662449418563e-01
1.46524540598289399e-01
1.46269870368861077e-01
1.46025977639060611e-01
1.45560719066106709e-01
1.45232782400020188e-01
1.45129684301968459e-01
1.44839481716643209e-01
1.44538084516161097e-01
1.44520477060460811e-01
1.44397266060245860e-01
1.44369992866201335e-01
1.44233349672458960e-01
1.43940825662883437e-01
1.43719817167448416e-01
1.42961712066297958e-01
1.42960587730868421e-01
1.42594179762882550e-01
1.42235402391030469e-01
1.42207441843787863e-01
1.42150306909887475e-01
1.42128832700297608e-01
1.41821108814234209e-01
1.41612262015059887e-01
1.41297903253254253e-01
1.41152869992371921e-01
1.40768081561075065e-01
1.40577110749450757e-01
1.40540244731201358e-01
1.40439173688191893e-01
1.40119693450322796e-01
1.40117068051648502e-01
1.40111929171788524e-01
1.39766992594978989e-01
1.39142126378504150e-01
1.39087866047517300e-01
1.39083919165107955e-01
1.38792002590787750e-01
1.38486290310049748e-01
1.38333018753388048e-01
1.38309125201800664e-01
1.38076502680712532e-01
1.37994614860831200e-01
1.37736142211417611e-01
1.37492145145361455e-01
1.37349866745931193e-01
1.37288224603559994e-01
1.37202449975283247e-01
1.36694269397184237e-01
1.36309294259642416e-01
1.36130190477213947e-01
1.35690105609008183e-01
1.35586130638549796e-01
1.35568139173995017e-01
1.35415722117928933e-01
1.35186751576255038e-01
1.35118529250983277e-01
1.34508322730250790e-01
1.34107991964531853e-01
1.33624810539485800e-01
1.33589663857530683e-01
1.33549854926431844e-01
1.33075008416987689e-01
1.33034624517361200e-01
1.32616388077416658e-01
1.31553825271778196e-01
1.31413681374709768e-01
1.31308951038087762e-01
1.31167276437131941e-01
1.31109886424238264e-01
1.30769453144654407e-01
1.30593903455283517e-01
1.30350661040030763e-01
1.30206580946567146e-01
1.30069074555101249e-01
1.29694584378748146e-01
1.29645794725836011e-01
1.29204329997964468e-01
1.28881638419013650e-01
1.28295649661162664e-01
1.27708646635250722e-01
1.27323246970071996e-01
1.27158054295244266e-01
1.26555644286382246e-01
1.26396560945458453e-01
1.26376386398822982e-01
1.26312582088110664e-01
1.26148725487542024e-01
1.25989290097822171e-01
1.25817715183931284e-01
1.25723167721127072e-01
1.25583211386625815e-01
1.25213667801569339e-01
1.24943706103711666e-01
1.24820844876301115e-01
1.24472268887115281e-01
1.24431952691938880e-01
1.24314153798675373e-01
1.24260038717769639e-01
1.24077238262623860e-01
1.24025683292622604e-01
1.23836244326710004e-01
1.23825113722093885e-01
1.23629804454839343e-01
1.23213673466186738e-01
1.23176366225943301e-01
1.23114654505155324e-01
1.23012950185921635e-01
1.22284619848692350e-01
1.21946496922853032e-01
1.21890347215509051e-01
1.21860388333968256e-01
1.21717730442716512e-01
1.21622481432924062e-01
1.21262562082261049e-01
1.21233047741081720e-01
1.21144734884459565e-01
1.21007102233585254e-01
1.20891279527187978e-01
1.20768544265371910e-01
1.20679918051241217e-01
1.20425163538775692e-01
1.20350789936702590e-01
1.20264776697996442e-01
1.19768186101223903e-01
1.19506790116894385e-01
1.19439255402080474e-01
1.19262628227510062e-01
1.19170608369198586e-01
1.19004290999539838e-01
1.18985232459337925e-01
1.18218792349946700e-01
1.18049620813746037e-01
1.17648467751200303e-01
1.17642373113364687e-01
1.17508841109911874e-01
1.17491702540966192e-01
1.17399572197480734e-01
1.17191697304617065e-01
1.16967991202248253e-01
1.16934005594811319e-01
1.16893444340137181e-01
1.16827883119345402e-01
1.16780245851708556e-01
1.16752064341742012e-01
1.16717792921659319e-01
1.16503648149134664e-01
1.16315932739348135e-01
1.16294521810432344e-01
1.15741136034036254e-01
1.15563302769541729e-01
1.15316217813229829e-01
1.14394484528222790e-01
1.14281877429592948e-01
1.14274884369859178e-01
1.14239688630076150e-01
1.14058979134312705e-01
1.13928549530685527e-01
1.13878291984540650e-01
1.13875865664097561e-01
1.13815259539331318e-01
1.13640657229269415e-01
1.13616303524460463e-01
1.13604219611403212e-01
1.13552111730347099e-01
1.13481405276587899e-01
1.13391988745580360e-01
1.13086762594126561e-01
1.12370885401409396e-01
1.12217649156455976e-01
1.12198133576343548e-01
1.12117489202326712e-01
1.11942584445154966e-01
1.11840773458304496e-01
1.11689575890490153e-01
1.11527673628770765e-01
1.11380893029753930e-01
1.11255223744051168e-01
1.11125061528054875e-01
1.10980022578307233e-01
1.10851579153592020e-01
1.10832035713105417e-01
1.10378942578483505e-01
1.10311734471774961e-01
1.10241425896388592e-01
1.10086401003269649e-01
1.09872761235542168e-01
1.09764148866183867e-01
1.09749626207545414e-01
1.09552259633474508e-01
1.09446094907095476e-01
1.08896512507311485e-01
1.08890859909717128e-01
1.08791148881760349e-01
1.08519404556448054e-01
1.08115766502407271e-01
1.08083724596148137e-01
1.08032054636021682e-01
1.07945382230490911e-01
1.07876150842661181e-01
1.07853821951740744e-01
1.07799660840452782e-01
1.07709350682018812e-01
1.07582178431068307e-01
1.07488323830632101e-01
1.07266371273736658e-01
1.07198452297995586e-01
1.07015674971933678e-01
1.06899308934821580e-01
1.06822784052429273e-01
1.06799567980330953e-01
1.06790037986358388e-01
1.06634848715191188e-01
1.06548153865549847e-01
1.06525701067726672e-01
1.06431556215390841e-01
1.06396471539819612e-01
1.06389401069518580e-01
1.06253928470909698e-01
1.06247444054949805e-01
1.06159242627100928e-01
1.06145935081568402e-01
1.06040620047357148e-01
1.06028459066431338e-01
1.06002271895059300e-01
1.05812979838958529e-01
1.05431564671553721e-01
1.05167317757212914e-01
1.05147162989085469e-01
1.04899628334971295e-01
1.04845507641637456e-01
1.04769064391277408e-01
1.04755727782284438e-01
1.04627069502248593e-01
1.04584236392329138e-01
1.04580643051715202e-01
1.04403814453095684e-01
1.04375349695019784e-01
1.04301432105406516e-01
1.04069840493151350e-01
1.03860731063511777e-01
1.03775824159614977e-01
1.03616533036816880e-01
1.03234918487999261e-01
1.03142691098457376e-01
1.02800235635808743e-01
1.02798052636642046e-01
1.02748024112609374e-01
1.02698957916482481e-01
1.02479498055462886e-01
1.02410720239405742e-01
1.02319443167599222e-01
1.02041777069607681e-01
1.02028761740400195e-01
1.01702394371911808e-01
1.01673631828604727e-01
1.01590563473164947e-01
1.01468729581544112e-01
1.01456175741690871e-01
1.01262393906639270e-01
1.01017667458531066e-01
1.00987870765415155e-01
1.00801485590170548e-01
1.00541592242651273e-01
1.00522653707752874e-01
1.00493346097063493e-01
1.00431628683375310e-01
1.00273121197806334e-01
1.00273026195270273e-01
9.98980031860721984e-02
9.97881251574641998e-02
9.97753010283216474e-02
9.97600210881682964e-02
9.97550677649474415e-02
9.95989130908443293e-02
9.91630914956920656e-02
9.89761692114335956e-02
9.88622498738451760e-02
9.87490710320698128e-02
9.87395163794406727e-02
9.86820180384421070e-02
9.84684324341082301e-02
9.84359679632911960e-02
9.83951483549298928e-02
9.79209846613522117e-02
9.77666369290798309e-02
9.77359384134760256e-02
9.70526666070310878e-02
9.68455373721915092e-02
9.68256563055671926e-02
9.66966389340424282e-02
9.66137278074721828e-02
9.65766870733079513e-02
9.64534719497485288e-02
9.63845993499058418e-02
9.61740355205007863e-02
9.60986876106935950e-02
9.60564720440537367e-02
9.60227630551767908e-02
9.58384123145201716e-02
9.58356661544440547e-02
9.55312965685313070e-02
9.53860690923229448e-02
9.53840292132195067e-02
9.53120542108364666e-02
9.51426005429475974e-02
9.50903252517612263e-02
9.48844792533594661e-02
9.47375979879841457e-02
9.46467546959849082e-02
9.45119145874898231e-02
9.44383082593589912e-02
9.43129702282165527e-02
9.42315045197400919e-02
9.37571734741186186e-02
9.36707354825726396e-02
9.35815194652062504e-02
9.33563963406026653e-02
9.30846114554955417e-02
9.30522482106775489e-02
9.29039029639681102e-02
9.27040632569358231e-02
9.27001556074401323e-02
9.26739496860400358e-02
9.23081197639682161e-02
9.22916844820057675e-02
9.22490790615288353e-02
9.20461624246920879e-02
9.17359702985131031e-02
9.14877239641584128e-02
9.12681466021135895e-02
9.11909873052424297e-02
9.09945957598956717e-02
9.08908556115581301e-02
9.04414198163695088e-02
9.03546117257364584e-02
9.01503464237314173e-02
8.98025538516758620e-02
8.96581467651879072e-02
8.93753678715532851e-02
8.92036674875770347e-02
8.88326196374408655e-02
8.88016527641330849e-02
8.87791611315962015e-02
8.85485487997908216e-02
8.83929429122460031e-02
8.83494014996636379e-02
8.82958162250489648e-02
8.82361824442102483e-02
8.81471900319248380e-02
8.80278393909828955e-02
8.80193793688443527e-02
8.79843723048374243e-02
8.78054255687322482e-02
8.75190282066113240e-02
8.74166616034975502e-02
8.72258334159459192e-02
8.69833523612624782e-02
8.69437918437390017e-02
8.68733850018015286e-02
8.68535549877575003e-02
8.65816931961525676e-02
8.65554871538300463e-02
8.64506765596794319e-02
8.63174163757259999e-02
8.62545196509219292e-02
8.61485193381174019e-02
8.61247648680264349e-02
8.60152100105712469e-02
8.59927975850912490e-02
8.58841664613153311e-02
8.57247480573861131e-02
8.56487511493982667e-02
8.54645906011006068e-02
8.54496116185440302e-02
8.54486392108096543e-02
8.53683029329980470e-02
8.52763282844235387e-02
8.52548599620494424e-02
8.51084048710742114e-02
8.48549214693586629e-02
8.45243396061839958e-02
8.44644464769478964e-02
8.44199028959735503e-02
8.43091954384263265e-02
8.42701549179906417e-02
8.42028392114165108e-02
8.40372451865260411e-02
8.39757249625823765e-02
8.38275763227098181e-02
8.38267617470319915e-02
8.37776733969579496e-02
8.37636150370010962e-02
8.35984581720518455e-02
8.34590866107719626e-02
8.34392101740997205e-02
8.32348182838137385e-02
8.31792563864184181e-02
8.31090064997366818e-02
8.30899766721255595e-02
8.29915105174511697e-02
8.28230923785169271e-02
8.28043409106106881e-02
8.27783634148780006e-02
8.26746492754306950e-02
8.26586958445946901e-02
8.26150450690053967e-02
8.21998994456470539e-02
8.20497394203253128e-02
8.19186198789437908e-02
8.19185466406528867e-02
8.12366367615496993e-02
8.11589785020773169e-02
8.11130394405514682e-02
8.07479377929096326e-02
8.05690149626586000e-02
8.04435070803279084e-02
8.04355890526777945e-02
8.03795188673010336e-02
8.03582236216853207e-02
8.03414766855191365e-02
7.96145824566110855e-02
7.95021700619763239e-02
7.94723520022520141e-02
7.92774226617628530e-02
7.92727158327301007e-02
7.91854451334959852e-02
7.91746101021073428e-02
7.90226816350382000e-02
7.88867869307298269e-02
7.87534105977722165e-02
7.86535893197615743e-02
7.86478270427851123e-02
7.84346520959960103e-02
7.83317153209847489e-02
7.83310306545425827e-02
7.82336471052851451e-02
7.81668973982170001e-02
7.81121304353370599e-02
7.80146287150400575e-02
7.79932838706221820e-02
7.77789634364094845e-02
7.76840228595918891e-02
7.76252783418311942e-02
7.72240371788985164e-02
7.70655350898782066e-02
7.70593274946660550e-02
7.70187186310624244e-02
7.68729451360034843e-02
7.67080554767457790e-02
7.66280896270898348e-02
7.66185774099847616e-02
7.65444428227462087e-02
7.65219343317732059e-02
7.64871217548663690e-02
7.63248585321775058e-02
7.61447787659314534e-02
7.60867687970641915e-02
7.60200076112485662e-02
7.59979857703334399e-02
7.59777625234766690e-02
7.59123109028407017e-02
7.58962943329932194e-02
7.58586931825575572e-02
7.57197015939329865e-02
7.55162329271779204e-02
7.54864906828888599e-02
7.54717976324855017e-02
7.54108700002966009e-02
7.53648623594268957e-02
7.53094674106062484e-02
7.52713177675168321e-02
7.52073392384687150e-02
7.51979177029689083e-02
7.50232604344275300e-02
7.48963534007838633e-02
7.48562075597405535e-02
7.45909261046767413e-02
7.45737543438263623e-02
7.45346014801083895e-02
7.44027651322710787e-02
7.42927617854018119e-02
7.42812770236091630e-02
7.41289652591128057e-02
7.41133438757478058e-02
7.40485611870338317e-02
7.40108059350768621e-02
7.39681575860977880e-02
7.39006954805452171e-02
7.38770873604369660e-02
7.36844937054190741e-02
7.33050716985201162e-02
7.31833877942666133e-02
7.31150651831808662e-02
7.30675177758278310e-02
7.29921860514076842e-02
7.29466323992624399e-02
7.28973632454797821e-02
7.28675425513779784e-02
7.28584399762419593e-02
7.26029581079707526e-02
7.25202240252218883e-02
7.23674224659063697e-02
7.23476667061645484e-02
7.22466507488686432e-02
7.20649148405082401e-02
7.20452474672755305e-02
7.20322311586238107e-02
7.19682032763930279e-02
7.18858935703171747e-02
7.18291961411250679e-02
7.17485639880788562e-02
7.17286685234201915e-02
7.17239672285185509e-02
7.16704319440657350e-02
7.16223086014837057e-02
7.13024910619198260e-02
7.12841033320871786e-02
7.12346841835577865e-02
7.11530990106943179e-02
7.08028437505143354e-02
7.06430722158153668e-02
7.05642964539372475e-02
7.05555848422027981e-02
7.04579530505384244e-02
7.03200505824307098e-02
7.02654687572961123e-02
7.01660901568785661e-02
7.01328027154887040e-02
7.01286393720055579e-02
7.00397964947010454e-02
7.00331943161560666e-02
6.99732088430255333e-02
6.98878622072890282e-02
6.98645286463931564e-02
6.98365511044135440e-02
6.94860040923331035e-02
6.93594209900489922e-02
6.93492783496319903e-02
6.93414638010406426e-02
6.92662575747988868e-02
6.92365572124540446e-02
6.91906193692864158e-02
6.91841583287706036e-02
6.91157915245624727e-02
6.89638888763644542e-02
6.88737524610358309e-02
6.88365845521321795e-02
6.84508357611977175e-02
6.83871685083955877e-02
6.82884021489573861e-02
6.82148387772389397e-02
6.82119543117226806e-02
6.81925827278758029e-02
6.81304627995297368e-02
6.81150501837714112e-02
6.80470303022523565e-02
6.80318070315014956e-02
6.80266604428142879e-02
6.79045385244289590e-02
6.78440330006476605e-02
6.77247697508102514e-02
6.76783905219266180e-02
6.76574957904137880e-02
6.75414579165665024e-02
6.74709259779964765e-02
6.74675828859625654e-02
6.74371020987258873e-02
6.73905701861965828e-02
6.71185464929519027e-02
6.70749624594063482e-02
6.70216538377279847e-02
6.69833958811870966e-02
6.68864409085952044e-02
6.67942535458349862e-02
6.66542530956923951e-02
6.66517008133526573e-02
6.58390176531406246e-02
6.58341926751652984e-02
6.57820539990642411e-02
6.57455573724584075e-02
6.56546294637949529e-02
6.55973596160668582e-02
6.55397557998246283e-02
6.55227184063529033e-02
6.54959235397893219e-02
6.54381014570952491e-02
6.54277512574251707e-02
6.54061960498711487e-02
6.53373629575787207e-02
6.53259235091903923e-02
6.52619960335669574e-02
6.52335547791648845e-02
6.52222681472195559e-02
6.51686990022773971e-02
6.50005152899757882e-02
6.49183149651298697e-02
6.48981439594636667e-02
6.48644838630460935e-02
6.47344857668387674e-02
6.47058474344551632e-02
6.43985343336247601e-02
6.43464330475640583e-02
6.43056404050758590e-02
6.41694008224650836e-02
6.41340871419115444e-02
6.40594220506382067e-02
6.40318341711460931e-02
6.40303984824429212e-02
6.40302064793890624e-02
6.40171745361294703e-02
6.38779859536910549e-02
6.38158372943506691e-02
6.38129997319351328e-02
6.37460328467471110e-02
6.36674823023827413e-02
6.36655422918660924e-02
6.35703871476356180e-02
6.34740376465219303e-02
6.33148107696523549e-02
6.32839326291209786e-02
6.29295544804392426e-02
6.28737207276233168e-02
6.28358848865929881e-02
6.27902901098138927e-02
6.26359131538436753e-02
6.25270971286961547e-02
6.25073886068993473e-02
6.24302316548377423e-02
6.23741647257443702e-02
6.23431604562065880e-02
6.20188700677718405e-02
6.19381461021285898e-02
6.18621786706990140e-02
6.17786650038266646e-02
6.17703742837496309e-02
6.17308583805865480e-02
6.16862000796352394e-02
6.16777538875231957e-02
6.15728460487306659e-02
6.15146362871540758e-02
6.14843249796723779e-02
6.14821428886968974e-02
6.13725985005127289e-02
6.13357517846683312e-02
6.11976079539173073e-02
6.11245474302941696e-02
6.10661937040106947e-02
6.05904804260770785e-02
6.04575232382642824e-02
6.03818726094479813e-02
6.03409308774904424e-02
6.03019156659578143e-02
6.02552232330084217e-02
6.01750635846002926e-02
6.00041295025125834e-02
5.99132387443887873e-02
5.98925078759204796e-02
5.97316197254590328e-02
5.97282633775445479e-02
5.96520786448811249e-02
5.96069219358281860e-02
5.95281938919505899e-02
5.94709585489537201e-02
5.92848080566364816e-02
5.92376586096029084e-02
5.92351084983503903e-02
5.90867420355406098e-02
5.90614154745151207e-02
5.90414701773498279e-02
5.90206455519560816e-02
5.90180968481228072e-02
5.89476144710655986e-02
5.89148856278225233e-02
5.89035286483601331e-02
5.87422657505204046e-02
5.86751994156683096e-02
5.85492281771420528e-02
5.85429323574419083e-02
5.84895288147760858e-02
5.84201733316512886e-02
5.82797191296674164e-02
5.82552620964071760e-02
5.81152548369677432e-02
5.81086895447159163e-02
5.81022265121866749e-02
5.79288723540598363e-02
5.78456066368341487e-02
5.77876395029653447e-02
5.77253098116992450e-02
5.77098466837917129e-02
5.76175217359007480e-02
5.76088302949754050e-02
5.74526811572305257e-02
5.74517494969090450e-02
5.73926770940091646e-02
5.73633417800735387e-02
5.73412401677490871e-02
5.72918209903799242e-02
5.70634659185809967e-02
5.69916093080626088e-02
5.69203165666562413e-02
5.68587453813799923e-02
5.68296900290541501e-02
5.66965920166446480e-02
5.66059520975930736e-02
5.65169369202909860e-02
5.64801376374955838e-02
5.63420200092033877e-02
5.63062696217666997e-02
5.61956308702409521e-02
5.61488163771036441e-02
5.59494025018523328e-02
5.58662983716054912e-02
5.57796598269930666e-02
5.57104648677604827e-02
5.56989799544113581e-02
5.56950940325868851e-02
5.56777875554378479e-02
5.56728896695354442e-02
5.55906134554074310e-02
5.55660607352063615e-02
5.55449169063433751e-02
5.53540745175540513e-02
5.53189457862920675e-02
5.52898301182603302e-02
5.52698298676492367e-02
5.51455545101588868e-02
5.50529609811682280e-02
5.50185250837085527e-02
5.50106344427228264e-02
5.49587425001471161e-02
5.48251991823070564e-02
5.48212231015444418e-02
5.47851291076022484e-02
5.47651913538827612e-02
5.46343399775340230e-02
5.46094988234601814e-02
5.45897445885331137e-02
5.45677977198458855e-02
5.43141328330862677e-02
5.42993873013264614e-02
5.41694865067807452e-02
5.41609871122756131e-02
5.41215884828019841e-02
5.40665587353314769e-02
5.40251725043588912e-02
5.39678678554820559e-02
5.39511323561914780e-02
5.39411285480131605e-02
5.39350352615881115e-02
5.39050981727896214e-02
5.38781269005599653e-02
5.37674225913300080e-02
5.37596061238301906e-02
5.36843928129619244e-02
5.36440386048136486e-02
5.36328151250670127e-02
5.35229219048671823e-02
5.34970490132787579e-02
5.34402386849437486e-02
5.34150867006605162e-02
5.33724683781393525e-02
5.31781527603970294e-02
5.31190802609542642e-02
5.31060506177185379e-02
5.31044137981538447e-02
5.30892456954211861e-02
5.30841405581145148e-02
5.30592696532535199e-02
5.30359902663646368e-02
5.30036673233804309e-02
5.29925779479707426e-02
5.29908120907738658e-02
5.29901617149833165e-02
5.28831410722529413e-02
5.28762718556161290e-02
5.27858361937392495e-02
5.26800641151740703e-02
5.26197944003647389e-02
5.25151218795074370e-02
5.24758460060385928e-02
5.24732677507535397e-02
5.24665776283601004e-02
5.23661412802039691e-02
5.23609471392364120e-02
5.23179148383616510e-02
5.22677556355458373e-02
5.21340598092399424e-02
5.21195504630270479e-02
5.20699816563996859e-02
5.19643915162927364e-02
5.19511830191719884e-02
5.18505017096842630e-02
5.18377993383207017e-02
5.17929457769197785e-02
5.17833415237693509e-02
5.17444403891356777e-02
5.16825130856496603e-02
5.15893124109807200e-02
5.14508415736691510e-02
5.14427643240750951e-02
5.14224218038198191e-02
5.12587647117606973e-02
5.10029019780295911e-02
5.09447576374333563e-02
5.09236440616767025e-02
5.08922461644949892e-02
5.07850489594704885e-02
5.07121136063704153e-02
5.07023517599763662e-02
5.06825155956237908e-02
5.05639173400530204e-02
5.05546245067651986e-02
5.05188249749347895e-02
5.04656689834743349e-02
5.03598090000923759e-02
5.02430835274857018e-02
5.01780023178656359e-02
5.01614743755534678e-02
5.01572518568053974e-02
5.01165035227603348e-02
5.00918992730053914e-02
5.00713422424305388e-02
4.99973798447323897e-02
4.99803495462732630e-02
4.99788784786757562e-02
4.99727481729006634e-02
4.99515758521971234e-02
4.99295201868416791e-02
4.98979363651162189e-02
4.98191485734612236e-02
4.98115787320291478e-02
4.97643151855248905e-02
4.97290669222798382e-02
4.97259259589776723e-02
4.96805997936935473e-02
4.96658110625883623e-02
4.96137110328132985e-02
4.96053803666634541e-02
4.95690632277931351e-02
4.95078493035188069e-02
4.94614263887296346e-02
4.94262718814831303e-02
4.92763156787470458e-02
4.92142984696863003e-02
4.91815691225690535e-02
4.91118628078812541e-02
4.90587903851370244e-02
4.90478292734319796e-02
4.90442851810323002e-02
4.89927137286407313e-02
4.89642503300865561e-02
4.88293280396851909e-02
4.87849579913005801e-02
4.87227993675511742e-02
4.87139567881730434e-02
4.86407049422518251e-02
4.85651465685199984e-02
4.85619238223253674e-02
4.84452024793250238e-02
4.83614940205665533e-02
4.80430617553926353e-02
4.80173449594561916e-02
4.79870371082216918e-02
4.79478536376600206e-02
4.79416839093854269e-02
4.78699782291576934e-02
4.78242302127053348e-02
4.78125579515989857e-02
4.77788060139207674e-02
4.77572540862694281e-02
4.76951827038597717e-02
4.76821892772917727e-02
4.76685932900573484e-02
4.75968410234689498e-02
4.75789162608673405e-02
4.75698344572866860e-02
4.74857981595175269e-02
4.73182405955758154e-02
4.72271445767970185e-02
4.72132739790836614e-02
4.71020074868953031e-02
4.70830730546865500e-02
4.70197574973131166e-02
4.69630556935367108e-02
4.69531949194741047e-02
4.68776110151135419e-02
4.68409689932701573e-02
4.68179568001927809e-02
4.68174884468534544e-02
4.67457327331549100e-02
4.67232539749891027e-02
4.65629731638929692e-02
4.65488382301654027e-02
4.64773789061552756e-02
4.63843725703275908e-02
4.62806926052448039e-02
4.62554498503473521e-02
4.61862352930104830e-02
4.61799258359363932e-02
4.61449310781353386e-02
4.61374965115196670e-02
4.61101794215350094e-02
4.60752185601712716e-02
4.60313667766105092e-02
4.60184199985399223e-02
4.58756413204226693e-02
4.58741135185023810e-02
4.58268435696055562e-02
4.57980385315071153e-02
4.57540037589323906e-02
4.57370675158658493e-02
4.57164106591513505e-02
4.56656397230417593e-02
4.55738894935970792e-02
4.55561724086299691e-02
4.55451225648553296e-02
4.55191395362248147e-02
4.54842934931933840e-02
4.54201777327949974e-02
4.52786824407417771e-02
4.52598397756050069e-02
4.51954511339175830e-02
4.51538780556840075e-02
4.51394350339167014e-02
4.51187190422210060e-02
4.50839384749135846e-02
4.50063302872130144e-02
4.49891627022197121e-02
4.48705996485336753e-02
4.48289008167479797e-02
4.46764714339599120e-02
4.45705623569118553e-02
4.45121884948164875e-02
4.44530483916343172e-02
4.43675069920509840e-02
4.42857430667624452e-02
4.41839775834902554e-02
4.40137620746425609e-02
4.40058234414764729e-02
4.39233480347082025e-02
4.38562206467240367e-02
4.38366218844159633e-02
4.38295977824898417e-02
4.37360514423003263e-02
4.35847721305994834e-02
4.35530965893227151e-02
4.35192831250079196e-02
4.34948337052260617e-02
4.33208968220291993e-02
4.32748629089697787e-02
4.32640040126318140e-02
4.32123839644676100e-02
4.31561515310756316e-02
4.30382296195295638e-02
4.29287301942475955e-02
4.28830746801506166e-02
4.26949762274914102e-02
4.26573156911658480e-02
4.26273777858049985e-02
4.25976139876466028e-02
4.24895616362462036e-02
4.23772545920205745e-02
4.23277092915231995e-02
4.21923751980941564e-02
4.21734405963797437e-02
4.19383651001881616e-02
4.19368952407861845e-02
4.18697532495986707e-02
4.18546180143942320e-02
4.17172765575911653e-02
4.17132312609564890e-02
4.16297149268166980e-02
4.15247765820233247e-02
4.14879433827449531e-02
4.14776345157235188e-02
4.14530491258487815e-02
4.13929224439711640e-02
4.13859480310863198e-02
4.13798425470389211e-02
4.13421417317952553e-02
4.13337300584271997e-02
4.12949534968814896e-02
4.12316977636201856e-02
4.11290467181805244e-02
4.11289405543425052e-02
4.10419788912520789e-02
4.10046487103541621e-02
4.09923331856618320e-02
4.09424437092618179e-02
4.08625974707398851e-02
4.08270145223114181e-02
4.07675363337570290e-02
4.07522217557741012e-02
4.07358692353304644e-02
4.07300700011201527e-02
4.07196685630365762e-02
4.06769845044949035e-02
4.06730199793215383e-02
