3.20539818328580528e-01
3.11117837364420280e-01
2.77217705383413837e-01
2.62284692619780713e-01
2.61058219056054197e-01
2.57168318522676909e-01
2.57003365097116354e-01
2.53744358082497568e-01
2.53078408150864853e-01
2.52244100335592358e-01
2.46110240974278333e-01
2.43512446994771037e-01
2.43079944632660389e-01
2.41080188681670748e-01
2.38255155460383922e-01
2.37953922539814983e-01
2.36188010527188325e-01
2.32847465116744701e-01
2.30778593601280585e-01
2.29708391276113949e-01
2.29675216849323266e-01
2.29565925984898750e-01
2.29486336625033732e-01
2.25847577256084092e-01
2.23545931324069275e-01
2.22321218391932057e-01
2.21253816595700592e-01
2.19762917692645804e-01
2.17872077467091946e-01
2.16920198555384525e-01
2.16532636073625356e-01
2.15754345363030203e-01
2.15714558848655064e-01
2.14455269262438825e-01
2.14157572852142708e-01
2.13534271581790863e-01
2.12880765527341614e-01
2.10663646783002867e-01
2.08692538052769355e-01
2.07850921656291182e-01
2.07393345689032227e-01
2.06426889208875169e-01
2.05401025338763199e-01
2.04522545617462803e-01
2.02363597322553074e-01
2.02284279959663638e-01
2.01058444933704172e-01
2.00017912481009030e-01
1.99983220105781179e-01
1.98662342446199736e-01
1.98412861238036808e-01
1.96796671427600489e-01
1.95560934374459178e-01
1.95443556854921430e-01
1.94654492042240307e-01
1.91548491217955724e-01
1.91482318297142684e-01
1.91012296397597064e-01
1.90770993827075325e-01
1.90545231414453536e-01
1.90395394493048042e-01
1.88251219136201769e-01
1.85503016474030752e-01
1.84985481838007920e-01
1.82171072076764251e-01
1.80040229203036778e-01
1.79037021627711179e-01
1.78965860516516667e-01
1.78840411840288233e-01
1.76681122740814239e-01
1.75413427044751491e-01
1.75198877340779186e-01
1.74898639294947145e-01
1.71721250023399663e-01
1.71499659364153512e-01
1.71413582479842452e-01
1.71383159276151026e-01
1.71172892784935832e-01
1.70923232893611415e-01
1.70244653307973004e-01
1.70174913191485200e-01
1.69317133583719331e-01
1.67954595619841801e-01
1.67775866983418148e-01
1.67320655196162432e-01
1.67056472094987585e-01
1.65840611583146974e-01
1.64751133864679600e-01
1.64263399459610021e-01
1.64260468423129746e-01
1.64157702512068016e-01
1.63241188769201795e-01
1.63198636596489033e-01
1.62737043441164186e-01
1.62633748243424137e-01
1.62280440678309101e-01
1.61548801127853608e-01
1.61010997694753660e-01
1.60783954815166635e-01
1.60526670469251898e-01
1.59251350627897942e-01
1.58790506557456718e-01
1.57607444315404299e-01
1.57459285783087988e-01
1.57353957945862571e-01
1.57287706497427876e-01
1.57073205591418907e-01
1.57016282344607433e-01
1.56449286561563372e-01
1.56374578783050583e-01
1.55831870087332264e-01
1.55822980247939530e-01
1.55232192461821406e-01
1.54969756732666331e-01
1.54941454336851331e-01
1.54926512553574730e-01
1.53079737179396713e-01
1.52730524410439022e-01
1.52627891137800953e-01
1.52382858141778210e-01
1.51557632376437379e-01
1.51331207717184474e-01
1.51143703526640444e-01
1.51087702338618957e-01
1.51060148490925333e-01
1.50825826350144937e-01
1.50269648994413196e-01
1.49274631546934905e-01
1.48895093062781175e-01
1.48568043244228315e-01
1.48309508350281866e-01
1.48255377176167075e-01
1.48121151028523107e-01
1.47985042345942425e-01
1.47379757628297026e-01
1.47306917407131699e-01
1.47066756520973368e-01
1.46473666638820360e-01
1.46381674824377556e-01
1.46056117202616353e-01
1.46047424673770687e-01
1.45791124048805759e-01
1.44222877863582039e-01
1.43460686900874795e-01
1.43346980372829114e-01
1.42598434073884978e-01
1.42416199639304991e-01
1.40976269834434564e-01
1.39529133209191331e-01
1.38796733166119818e-01
1.38334983592298039e-01
1.37950924923530643e-01
1.37421416546563591e-01
1.36685445417309981e-01
1.36121812272072290e-01
1.35092947582379608e-01
1.35081785943409471e-01
1.34143696616537994e-01
1.33754593882159489e-01
1.33500239513680313e-01
1.33094491572768286e-01
1.32824595204846768e-01
1.32233572914194214e-01
1.31909021488182732e-01
1.31842930950646697e-01
1.31797358865956366e-01
1.31321689165636107e-01
1.30971125489259155e-01
1.30380348344375396e-01
1.30208271364567418e-01
1.30171818909680215e-01
1.29778228328015943e-01
1.29649876188200369e-01
1.29510379905094508e-01
1.29246611744410017e-01
1.29120035373778558e-01
1.28029283164986879e-01
1.27157223186093682e-01
1.26989585809486355e-01
1.26987622580947812e-01
1.26195150471608147e-01
1.25199139692583478e-01
1.25185075565680981e-01
1.25177032737482069e-01
1.24809703494363433e-01
1.24792075920118511e-01
1.24348889758056441e-01
1.24305671429690318e-01
1.24242008596036790e-01
1.24152263297531706e-01
1.23670206527776841e-01
1.21535720217522347e-01
1.21516988355716449e-01
1.21315270253886734e-01
1.20876685041616430e-01
1.20119950963156988e-01
1.19929528774019939e-01
1.19587945318468433e-01
1.19004987434380691e-01
1.18133158591687382e-01
1.18131510490043820e-01
1.17886043802713406e-01
1.17655753716580047e-01
1.17354048173397132e-01
1.17306823124291595e-01
1.17179406816855500e-01
1.17123336501066502e-01
1.17004233433397054e-01
1.16173259018611405e-01
1.15844544791159645e-01
1.14511519329283898e-01
1.14318686982615228e-01
1.13740250916190194e-01
1.13587901642618755e-01
1.13107399849947041e-01
1.12938784125496613e-01
1.12840462283857010e-01
1.12709902142963003e-01
1.12094582061156189e-01
1.12087864640413676e-01
1.11861202049248723e-01
1.11767871882697087e-01
1.11031288753247886e-01
1.10540376814352345e-01
1.10394471813751199e-01
1.09935313967368761e-01
1.09741721875686205e-01
1.09614169776909270e-01
1.09379805505145741e-01
1.08688570060339704e-01
1.08563468984968534e-01
1.08033792695656744e-01
1.08016149279388171e-01
1.07908049533821562e-01
1.07395279435276630e-01
1.07039739325527516e-01
1.06640197927761957e-01
1.06529531552502346e-01
1.06377384782460102e-01
1.06244346577386781e-01
1.06191281084368039e-01
1.05823518629453592e-01
1.05714252684809384e-01
1.05601986845606732e-01
1.05074333967408118e-01
1.04707466786856038e-01
1.04364542790036915e-01
1.03510367129738046e-01
1.03482185068652061e-01
1.03481399610046793e-01
1.03063384202341179e-01
1.02849944766006965e-01
1.02653652259189029e-01
1.02632072684158956e-01
1.02622045958280228e-01
1.02250809563836476e-01
1.02126767827596193e-01
1.02000827911471789e-01
1.01816857618220583e-01
1.01700024528050617e-01
1.01674838489732133e-01
1.01278825286318319e-01
1.01127083419415065e-01
1.00780587468165969e-01
1.00739476618469423e-01
1.00287520267915528e-01
1.00224552980777426e-01
9.96038240911614053e-02
9.95847526451519166e-02
9.94729069824451945e-02
9.87746708293876785e-02
9.85977775199768647e-02
9.81561077995393577e-02
9.80750576900770998e-02
9.79591508092047120e-02
9.78085762612093401e-02
9.77103427720716206e-02
9.71787894563128501e-02
9.71741077357281963e-02
9.71145246288584590e-02
9.66017250691949408e-02
9.65087023235054325e-02
9.63993820422751196e-02
9.60746758469779444e-02
9.56583273157381592e-02
9.55582599137374533e-02
9.51341194128748485e-02
9.50824170234574328e-02
9.50045381042609743e-02
9.45258166031975877e-02
9.41539149800869890e-02
9.40648104459018558e-02
9.38697991953456046e-02
9.37839464885416307e-02
9.36525876798630641e-02
9.34925559594924072e-02
9.30564110040206782e-02
9.28838106957727838e-02
9.28508722318063112e-02
9.27744946712871499e-02
9.23227034388119372e-02
9.22482582358912506e-02
9.19082079056719459e-02
9.19011143221930699e-02
9.17336157918018785e-02
9.15160781898683162e-02
9.09288638396942850e-02
9.08549557006471942e-02
9.07161449269755643e-02
9.03175451433653048e-02
9.02928562359910508e-02
9.01731358581666365e-02
9.01451735823404626e-02
8.99677767389778643e-02
8.98399295539681203e-02
8.97898802847714866e-02
8.97431763785715569e-02
8.91822495388474301e-02
8.89205937562837223e-02
8.88341982076439746e-02
8.86417871543835473e-02
8.86151497775906349e-02
8.79699933327359185e-02
8.79367020412690908e-02
8.76363345109418546e-02
8.70365656380854280e-02
8.63974071250939307e-02
8.63820791818910583e-02
8.60548999419480515e-02
8.60328640501979713e-02
8.58135806490314124e-02
8.57099276881185951e-02
8.50117766561555299e-02
8.49155107091102285e-02
8.48591432606101148e-02
8.41817496691424499e-02
8.38826049096350057e-02
8.38350372818397055e-02
8.38132805102550366e-02
8.37061959278263268e-02
8.35691130124067427e-02
8.32296486163389276e-02
8.28629896110098241e-02
8.26416664362381592e-02
8.25807353715532072e-02
8.24073295589820287e-02
8.23870126200704350e-02
8.23633887599631020e-02
8.22686141072484778e-02
8.21100655279438096e-02
8.20355112836997080e-02
8.18656419242139027e-02
8.18171147365934909e-02
8.17907779624439946e-02
8.15997998084446036e-02
8.13396525277957916e-02
8.12351904131106833e-02
8.09229663760662604e-02
8.08601063531629721e-02
8.07971251191143408e-02
8.07447076808218145e-02
8.07393909534909332e-02
8.06502570412099273e-02
8.05194252528792370e-02
8.03868240643670490e-02
8.00473279040534030e-02
7.97740419214294921e-02
7.96682900585557463e-02
7.95529165381323039e-02
7.94770698347831706e-02
7.94675334237195524e-02
7.94025580499521377e-02
7.92836295332355473e-02
7.88026226519035616e-02
7.87656974894430373e-02
7.87192378882061311e-02
7.85183456177228067e-02
7.84950008491893392e-02
7.84903069212262577e-02
7.81921219874180951e-02
7.80922578453061289e-02
7.75985905901814682e-02
7.72131984701745627e-02
7.71708294567088338e-02
7.71027476334657513e-02
7.68959304877745026e-02
7.68432465167501050e-02
7.67310115050391650e-02
7.65884276825928578e-02
7.65524927200164351e-02
7.64180037529980927e-02
7.62058754133786986e-02
7.61778003632227058e-02
7.58820678258757403e-02
7.55583218114897065e-02
7.54929110264189324e-02
7.53518737172652886e-02
7.51820850293994508e-02
7.46661239575029112e-02
7.46264076552314026e-02
7.42674346440421740e-02
7.40027044562636821e-02
7.38683727688469183e-02
7.36081282599092279e-02
7.35757872881660085e-02
7.34925996071335991e-02
7.33655923853613473e-02
7.28856968232820951e-02
7.28053135592394290e-02
7.25618753018145990e-02
7.24095304399202250e-02
7.23545007909987131e-02
7.19658150290105741e-02
7.13785424444068894e-02
7.13731983239796475e-02
7.13185966268629623e-02
7.11985478501148683e-02
7.11363358005865504e-02
7.10009231813976266e-02
7.09150503935825072e-02
7.08825827726761309e-02
7.08692926525514993e-02
7.08639995688938457e-02
7.08578269591179782e-02
7.08079414662506207e-02
7.07893684983397636e-02
7.07269426941048301e-02
7.02155737684172221e-02
7.01155369471944817e-02
7.00768931707347331e-02
7.00621108979900126e-02
7.00297717996958280e-02
6.96844465701646071e-02
6.95996581823982718e-02
6.93341673634687433e-02
6.92560334323032434e-02
6.91279093407191209e-02
6.90531516814695545e-02
6.89868163399682960e-02
6.89648495025317609e-02
6.88937280634644850e-02
6.88385506398756231e-02
6.88367300653545400e-02
6.86950477010527250e-02
6.84527134545874216e-02
6.82983990544644565e-02
6.82910953125471093e-02
6.81703772921333911e-02
6.81282093009833029e-02
6.80797809227814965e-02
6.77904048560155487e-02
6.77665936540619851e-02
6.76913810570789615e-02
6.75510710195517533e-02
6.74994212226021351e-02
6.73863766365605105e-02
6.73476698153678416e-02
6.73457088609621390e-02
6.73425303612905923e-02
6.71271714468270470e-02
6.71036399836834330e-02
6.70638363235997875e-02
6.70033905484516412e-02
6.68902167743097159e-02
6.68756390014770968e-02
6.68554203710029771e-02
6.68340817705026791e-02
6.67149388436253515e-02
6.66558050758263715e-02
6.66173533400760964e-02
6.65933230914278057e-02
6.64491820200731748e-02
6.64323500738159683e-02
6.63604343889347414e-02
6.62355497040191671e-02
6.57814154636662818e-02
6.57554897164815688e-02
6.55387872713931313e-02
6.53480325122696437e-02
6.51136071941248867e-02
6.49083024719378232e-02
6.45324649410105589e-02
6.44938942534239723e-02
6.44231545972277497e-02
6.44089964974579182e-02
6.41825362275172256e-02
6.41684493228415476e-02
6.41323867291040822e-02
6.40729274838293117e-02
6.40500977182559134e-02
6.39183553832314844e-02
6.36060203497880589e-02
6.35946017058733326e-02
6.35838491108314252e-02
6.34678562981010053e-02
6.34497596599653685e-02
6.33499772247298476e-02
6.31457926445677109e-02
6.30478206884418357e-02
6.29665976141977890e-02
6.26191480260112343e-02
6.25602799869107024e-02
6.23708063309963701e-02
6.23514070728704989e-02
6.22050693759972073e-02
6.21382235035114056e-02
6.19733681489595400e-02
6.19545163500261620e-02
6.17644396106528729e-02
6.17280333015101934e-02
6.16451622319476658e-02
6.11394180846577193e-02
6.10451346026935765e-02
6.10216656443601860e-02
6.09067725540791277e-02
6.08749105603547530e-02
6.06545819171087144e-02
6.06246209663944893e-02
6.05000582364441514e-02
6.03086377667954102e-02
6.03001813511178514e-02
6.02619340872410300e-02
6.02605675419896000e-02
6.02288522190502773e-02
6.01947623557325118e-02
6.01100039774747838e-02
6.00913839077186832e-02
6.00030749687994538e-02
5.98284796644697539e-02
5.98109282092637376e-02
5.93764822127767419e-02
5.93287435108272310e-02
5.91764132917618549e-02
5.91356896488825570e-02
5.90610744337799337e-02
5.89731483104428064e-02
5.88791586690138105e-02
5.88435675498934635e-02
5.88087375672942808e-02
5.87427707262534252e-02
5.87412041077861394e-02
5.85758675311759888e-02
5.84786825854765671e-02
5.84073662641879376e-02
5.83313233318032073e-02
5.81903239175011674e-02
5.81808955510052239e-02
5.80200695174926603e-02
5.79942350433747464e-02
5.79806426206005074e-02
5.79685196786158541e-02
5.79548582540892337e-02
5.79311269090728581e-02
5.78287861148138599e-02
5.78270456159251101e-02
5.77741608427812109e-02
5.75499316737910147e-02
5.74420390707222547e-02
5.73904008710740682e-02
5.72946413991199111e-02
5.72352150803762810e-02
5.70271271117595707e-02
5.69596717324548849e-02
5.69043178787779630e-02
5.68923788460003466e-02
5.67170433443836969e-02
5.67049535524241019e-02
5.66937096346741345e-02
5.65523783555654039e-02
5.64998196740119640e-02
5.63551662708798792e-02
5.60753895113501669e-02
5.57509215610095532e-02
5.57381030272375774e-02
5.56769489580961827e-02
5.56691595407744974e-02
5.56069432456643281e-02
5.54138001587144158e-02
5.51338393077736647e-02
5.50681309213345918e-02
5.49756726175605406e-02
5.48770537998372124e-02
5.48287595448665316e-02
5.47277911950764251e-02
5.47097436763138920e-02
5.46467908428920554e-02
5.46258119988273713e-02
5.46066970460276080e-02
5.45048534126484005e-02
5.44376204831088575e-02
5.43559835952738477e-02
5.43213499656012289e-02
5.42743449065753586e-02
5.42438398670806732e-02
5.40868147715133085e-02
5.37251961696113001e-02
5.36817487810547153e-02
5.36513121157781020e-02
5.36139172936081418e-02
5.36014183204293754e-02
5.35253629549281365e-02
5.34825082960629916e-02
5.34503348724913382e-02
5.34211501803086922e-02
5.33253497862187509e-02
5.32721542942354576e-02
5.31835256172419404e-02
5.31184172978094865e-02
5.30170146635578488e-02
5.29969007846076007e-02
5.28051339331412559e-02
5.28026639596674008e-02
5.27630027075814481e-02
5.26722081104403633e-02
5.26370375818406011e-02
5.25938701561635413e-02
5.25027535189893577e-02
5.24114881734236704e-02
5.23269651990233495e-02
5.21787102040949524e-02
5.21277028624553551e-02
5.19068983910258852e-02
5.18445719704435926e-02
5.17416386911957460e-02
5.14488451209435399e-02
5.13250194872807708e-02
5.12810570617062700e-02
5.12467997222194049e-02
5.12096582027346467e-02
5.11819929676393878e-02
5.11521727364919743e-02
5.10348609755830324e-02
5.10173124636369366e-02
5.10111859943792254e-02
5.09622199753919786e-02
5.09253453382260690e-02
5.07885272831831505e-02
5.04950173195516244e-02
5.04589158988780900e-02
5.04091797683036344e-02
5.03949470715680664e-02
5.03814346238133995e-02
5.03793749215226891e-02
5.03451173990218590e-02
5.02683637305419845e-02
5.02398954288777178e-02
5.02261978661509151e-02
5.02233898150543714e-02
5.01432470020106713e-02
5.00568046457543075e-02
4.98780247707058880e-02
4.98660016233649500e-02
4.97166947929999284e-02
4.97117740683374817e-02
4.97041203737992460e-02
4.96886828472805700e-02
4.96082821048034958e-02
4.96071460704294795e-02
4.94797981937039402e-02
4.94649184302411241e-02
4.92537892855326453e-02
4.91859472476213685e-02
4.91742950652369545e-02
4.91613359971308089e-02
4.90972266032738761e-02
4.90247410616176105e-02
4.89030061265503732e-02
4.88838348921079094e-02
4.86319202298805334e-02
4.86225518909668350e-02
4.85830854756901936e-02
4.85775941518148402e-02
4.85646599282121005e-02
4.85592112456200847e-02
4.84944112994204202e-02
4.84859759895050965e-02
4.84526012093636077e-02
4.83990778691047174e-02
4.83180612046575780e-02
4.82941913355439470e-02
4.82657999182817543e-02
4.82606107522833006e-02
4.82349465016105386e-02
4.82247232717608748e-02
4.81044851032290319e-02
4.79584694277481322e-02
4.78134994954727763e-02
4.77255683258996088e-02
4.75682920017630254e-02
4.75508834694947646e-02
4.75223142065876111e-02
4.74897888026446016e-02
4.74556400095307376e-02
4.74026485420196222e-02
4.73558798152911506e-02
4.73200290381741856e-02
4.73192736524346916e-02
4.71292943389368252e-02
4.70835083332409934e-02
4.70489096124863809e-02
4.69940733809701694e-02
4.69763741173007746e-02
4.68167928258385255e-02
4.65215977675344436e-02
4.64467702306861421e-02
4.64173409666218534e-02
4.63784054480712929e-02
4.63587085323866194e-02
4.62523486177186458e-02
4.62204997941468645e-02
4.60918207759341350e-02
4.60714628093180922e-02
4.59474255320385522e-02
4.59416727785194740e-02
4.59149257416042664e-02
4.58652485486426634e-02
4.57848094028895578e-02
4.57484534076566043e-02
4.57199198732784612e-02
4.56649920449803057e-02
4.56170460274042330e-02
4.55889358860555316e-02
4.55801844551744148e-02
4.55424705619279085e-02
4.55058238549452404e-02
4.54571083308158708e-02
4.52974369746364097e-02
4.52700517618010514e-02
4.51969145285417984e-02
4.51668414970757687e-02
4.51189750133981007e-02
4.49536428357637866e-02
4.49278873736942488e-02
4.48751343714608800e-02
4.47868456483620433e-02
4.45037632966389929e-02
4.44542011567453099e-02
4.43936122708687084e-02
4.43934228191626076e-02
4.43506527198518907e-02
4.43386516520954121e-02
4.42849626240241212e-02
4.42522971486287095e-02
4.42440845330848223e-02
4.42149939564822972e-02
4.41344037500353489e-02
4.40723116562609860e-02
4.40211209392230574e-02
4.40170305323790076e-02
4.38783303028604174e-02
4.38114644048584953e-02
4.37573844424960848e-02
4.36945331787864100e-02
4.36306729632428628e-02
4.35490711237431563e-02
4.34986036766069895e-02
4.34931400291269227e-02
4.34861323205682007e-02
4.33134798166933815e-02
4.32852824438075615e-02
4.32514791456578770e-02
4.32245097968334061e-02
4.30680019836808051e-02
4.30609875976620746e-02
4.29943448211606710e-02
4.29935930578042719e-02
4.28921256776384277e-02
4.28783653467856712e-02
4.28662625714446716e-02
4.28660561964564618e-02
4.27567290587602261e-02
4.26822092564653754e-02
4.26616840593243979e-02
4.26423209522589913e-02
4.26255584208474203e-02
4.25798352961022850e-02
4.25779707048027437e-02
4.25706100938538154e-02
4.23738849509654458e-02
4.23574192001486133e-02
4.21793928859695785e-02
4.20800600391363286e-02
4.20663469048884048e-02
4.20385623038479067e-02
4.20359774137713249e-02
4.19838854812097789e-02
4.19789738192134221e-02
4.19431097172849460e-02
4.18439693189111908e-02
4.18071103288677540e-02
4.17205392803512362e-02
4.16054524384364341e-02
4.16019115167139963e-02
4.15987676925461750e-02
4.15648567269896116e-02
4.14208659741048882e-02
4.12171485249018463e-02
4.11362636910001314e-02
4.10844584983853373e-02
4.10702469722356439e-02
4.10598166090323721e-02
4.10040093501051264e-02
4.08762031565130038e-02
4.08417149474385940e-02
4.07868444252263637e-02
4.07526122705190869e-02
4.07273908520350836e-02
4.07092235334353472e-02
4.06582270913163207e-02
4.06430870179431136e-02
4.06343723792959646e-02
4.06155831142051491e-02
4.06111485609806366e-02
4.06035210149006259e-02
4.05404000270962669e-02
4.05077071674238912e-02
4.04472697784246729e-02
4.04137837942334099e-02
4.03916861475449793e-02
4.03864471345108250e-02
4.02844215042577544e-02
4.02834694938596291e-02
4.02687076571263680e-02
4.02324158278571792e-02
4.01776555398195914e-02
4.01692158931832993e-02
4.01160844430842461e-02
4.00585663343982837e-02
4.00079426850266859e-02
3.99448671377200318e-02
3.99249138293089958e-02
3.99032461435068347e-02
3.98998590816674534e-02
3.98961257149504367e-02
3.98599841726643214e-02
3.97689673419989453e-02
3.97413717736750938e-02
3.96855493171741069e-02
3.96770255821435117e-02
3.95562948196739178e-02
3.95134221618960862e-02
3.94855156870780460e-02
3.94526601841225441e-02
3.94483071260653823e-02
3.94406121854636513e-02
3.94216617373064002e-02
3.93598293603761445e-02
3.93498740940854061e-02
3.93434911390192418e-02
3.93224246500824687e-02
3.91618737652766752e-02
3.91517233108917215e-02
3.91328667373905953e-02
3.91149752638381143e-02
3.91136304910528684e-02
3.90734481221129831e-02
3.89680290222303022e-02
3.89426118314203304e-02
3.89264519776991377e-02
3.89024864701026166e-02
3.87554603019333935e-02
3.86981439226438198e-02
3.86693649507409559e-02
3.86480295941360602e-02
3.86081914372115725e-02
3.85584083556513579e-02
3.85006600811168068e-02
3.83938037930676504e-02
3.82902127402692319e-02
3.82148737855977291e-02
3.81955522829320535e-02
3.81116387209064489e-02
3.81039515265302470e-02
3.80547434462032777e-02
3.79896658166371387e-02
3.79658681420276187e-02
3.79245631070323011e-02
3.78383091956629586e-02
3.77872850863697068e-02
3.77757867090565205e-02
3.77694699937120362e-02
3.77482587043472193e-02
3.76873562238817031e-02
3.76366359878903683e-02
3.75942565231858553e-02
3.75669651105530189e-02
3.75586538600742176e-02
3.75011997790804380e-02
3.74805668349331919e-02
3.74665767200866098e-02
3.74424175813899696e-02
3.74178654178982661e-02
3.73823931745004487e-02
3.73600737260482291e-02
3.73517707095984211e-02
3.73497102489739816e-02
3.71327057259005083e-02
3.70908757867704081e-02
3.70440701134832767e-02
3.69894476542047407e-02
3.69656430087636212e-02
3.69360803822476394e-02
3.67814786669785482e-02
3.67308600745701805e-02
3.67302229736027469e-02
3.66744662367881613e-02
3.66101481757948391e-02
3.64497818761353939e-02
3.63819586229164188e-02
3.63454888709878882e-02
3.63358844896693803e-02
3.62907603521361866e-02
3.62288258074663777e-02
3.61987163463806313e-02
3.61634173147276014e-02
3.61306812390052925e-02
3.60668914158557286e-02
3.59889765041277385e-02
3.58031958317430940e-02
3.57298403914346335e-02
3.57105976772049485e-02
3.55532198927155790e-02
3.54606537340577954e-02
3.54369631582748604e-02
3.53752942557683317e-02
3.53649534034208846e-02
3.52987678483734635e-02
3.52201851356011564e-02
3.52169044382309657e-02
3.51897988697264380e-02
3.51135921986098082e-02
3.51039076502102851e-02
3.50530086905083346e-02
3.49767060199883476e-02
3.49713501378867975e-02
3.48672086768399489e-02
3.48240135743800583e-02
3.47717123216575788e-02
3.47659295659609596e-02
3.47566393350882755e-02
3.47072701471552308e-02
3.46877800703691355e-02
3.46585226766847540e-02
3.46479145318054071e-02
3.46314957240720228e-02
3.46157084784555272e-02
3.45999358893132949e-02
3.45927156514270889e-02
3.45513442095942980e-02
3.45179128685035655e-02
3.44911051379614766e-02
3.44828799966503952e-02
3.44428257017714498e-02
3.44379481710431062e-02
3.44343032958524461e-02
3.44249769349436116e-02
3.43218695111228572e-02
3.42890568705075949e-02
3.42714381480792793e-02
3.41789351692008414e-02
3.41764104408073047e-02
3.41432339542882476e-02
3.39083233669743925e-02
3.38761902518267197e-02
3.37840610945133665e-02
3.37776698850761545e-02
3.37134798752261669e-02
3.36340352588112151e-02
3.35521636827089201e-02
3.35020758606322244e-02
3.34979727352719414e-02
3.34713466107561461e-02
3.34639021138310316e-02
3.34507669164966701e-02
3.34256042127952097e-02
3.34072760162208299e-02
3.33996995879352124e-02
3.33742485029602798e-02
3.33453963747404256e-02
3.32443589167468745e-02
3.32192195160916914e-02
3.31890360682143420e-02
3.31490313424498001e-02
3.31455362553785549e-02
3.31191951196241341e-02
3.31146253501680699e-02
3.30655047611709343e-02
3.30323636291648542e-02
3.30174346064190383e-02
3.29419983125237778e-02
3.29139634981900769e-02
3.28810209495795300e-02
3.28703392529672289e-02
3.28355222023365839e-02
3.28208246464732692e-02
3.27296832669776369e-02
3.27076999646281480e-02
3.26952990372821536e-02
3.26925670357931866e-02
3.26521909825452025e-02
3.26357059474981781e-02
3.26041164439188833e-02
3.25992523548499918e-02
3.25462571488266891e-02
3.25395291464586761e-02
3.25061246610790291e-02
3.24940132798755554e-02
3.24892320710515603e-02
3.24032889119372433e-02
3.23239406220653808e-02
3.23213907777057177e-02
3.23081655015491423e-02
3.22577655785397654e-02
3.22131504033949037e-02
3.21977565211551547e-02
3.21851189057577244e-02
3.21718089258348633e-02
3.21366847298119596e-02
3.21264875306137079e-02
3.21229029217751025e-02
3.20887235493660800e-02
3.20715167553689423e-02
3.20028191673096124e-02
3.19553483909292488e-02
3.19240582255347974e-02
3.19189389432827583e-02
3.18842522563616698e-02
3.18491417056997461e-02
3.18286352635903450e-02
3.18254930021677832e-02
3.18088391517064237e-02
3.17667130006142190e-02
3.16858157596103182e-02
3.16658229554335827e-02
3.16499620593014355e-02
3.16217428457518726e-02
3.15897274230627009e-02
3.15200496124940499e-02
3.14903514984476163e-02
3.14752448171145144e-02
3.14252930817237944e-02
3.14018643596796626e-02
3.13838608546546036e-02
3.13829615380293442e-02
3.13134244321036995e-02
3.12680873577131854e-02
3.11797960202924995e-02
3.09900481490223735e-02
3.09765340438920601e-02
3.08986922941109597e-02
3.08662106995279822e-02
3.08568835153722083e-02
3.08430453615142625e-02
3.08371744400245881e-02
3.08036182894718055e-02
3.07378543366824374e-02
3.07316639718344803e-02
3.07053031692368812e-02
3.06891599515456137e-02
3.06558147550087673e-02
3.06075258968702378e-02
3.05888418268272025e-02
3.05809188206229224e-02
3.05683375526723880e-02
3.05282882441982317e-02
3.05158124566478513e-02
3.04643458811262799e-02
3.04570219142491043e-02
3.04381780919053685e-02
3.04305871738297304e-02
3.03765149394645516e-02
3.03432090935957903e-02
3.02251559075815274e-02
3.01876839978718683e-02
3.01474943311397306e-02
3.01154170216659731e-02
3.00967311587363937e-02
3.00882068637721746e-02
3.00597747474932835e-02
3.00314846730719322e-02
3.00068606561909104e-02
3.00051536588924438e-02
2.99973461055286633e-02
2.99933456009431124e-02
2.99800559269943721e-02
2.99710750174152843e-02
2.99498071023202722e-02
2.99358068470246368e-02
2.98968941446844244e-02
2.98642358018661319e-02
2.98529812847099507e-02
2.98475288693221333e-02
2.98359904165606572e-02
2.98112331484749332e-02
2.97444503945528890e-02
2.97155421578366684e-02
2.96672447228188210e-02
2.95922518548499963e-02
2.95919212396146929e-02
2.95912275600572171e-02
2.95580163530403603e-02
2.95371061348053930e-02
2.95249211958129726e-02
2.94847793710026305e-02
2.94839819031690008e-02
2.94522234836061859e-02
2.94476609110025586e-02
2.94445664922476855e-02
2.93853404100283266e-02
2.93838252862720986e-02
2.93725005805788551e-02
2.93300485161003058e-02
2.93021700499702005e-02
2.92017868958740594e-02
2.91639084061884012e-02
2.91265245184834723e-02
2.90864801912452363e-02
2.90724885599919457e-02
2.90374910982497264e-02
2.89886899071406488e-02
2.89754495736002128e-02
2.89669581258453004e-02
2.89583457763896851e-02
2.89542054148118205e-02
2.88946254041591820e-02
2.88799464610054527e-02
2.88379084347824520e-02
2.88317088217600569e-02
2.88068414488290535e-02
2.87138943544803758e-02
2.86765121461240967e-02
2.86667361725476133e-02
2.86391849805010326e-02
2.86177139461424417e-02
2.86155852747504748e-02
2.86061756971097911e-02
2.85981984813247422e-02
2.85205288083640769e-02
2.84814413503888149e-02
2.84152149004707963e-02
2.83874456021507467e-02
2.83823740003624689e-02
2.83681399657102241e-02
2.83198672572660820e-02
2.82987534721303273e-02
2.82749345985645606e-02
2.82688158062734674e-02
2.81977789382037748e-02
2.81804380294881605e-02
2.81512734337098780e-02
2.81508548126764360e-02
2.81438519350601588e-02
2.81205014757112855e-02
2.80221524679273061e-02
2.79862171625348752e-02
2.79806806031498885e-02
2.79674366466109783e-02
2.79204614472141031e-02
2.78608594903810292e-02
2.78370662841677420e-02
2.78266582185913158e-02
2.78169677291607020e-02
2.77790200010881033e-02
2.77437747277590775e-02
2.77271980129002969e-02
2.76789278576341675e-02
2.76759928624138903e-02
2.76650881102570058e-02
2.76515250512814163e-02
2.75812023734301505e-02
2.75793082794040800e-02
2.75186282906136406e-02
2.75156149736960204e-02
2.75051056817942965e-02
2.74771590329882139e-02
2.74490002549934511e-02
2.74449395179960538e-02
2.74411638040411715e-02
2.73975011807594884e-02
2.73604498699891903e-02
2.73494106888251751e-02
2.73447437196568943e-02
2.73236288263162055e-02
2.73147735322045795e-02
2.72902555340929984e-02
2.72598802374153376e-02
2.72345734929997155e-02
2.71969391722397327e-02
2.71949718268550515e-02
2.71916468333051296e-02
2.71481649453455924e-02
2.69819474645632724e-02
2.69768129834956488e-02
2.69597270406425303e-02
2.69595867587864718e-02
2.69085787633808436e-02
2.69016950992632432e-02
2.68794472926906433e-02
2.68618794366346954e-02
2.68200530123669373e-02
2.67975316493644367e-02
2.67300305394148792e-02
2.67001858639353308e-02
2.66438798080936637e-02
2.66137563492886489e-02
2.66082197692832055e-02
2.65667295193157058e-02
2.65645003731042224e-02
2.65586427519755135e-02
2.65537620856615246e-02
2.65510267891065771e-02
2.65380108490918323e-02
2.64120961958982312e-02
2.64053961863409785e-02
2.63835436339140625e-02
2.63756789405993099e-02
2.63217692229539210e-02
2.63116477936116561e-02
2.63075705619674020e-02
2.62669380253284027e-02
2.61496271994132480e-02
2.61474949781661178e-02
2.61430384942929230e-02
2.61347570518401691e-02
2.60875201540629077e-02
2.60767088712138932e-02
2.60607095768629546e-02
2.60229812242415981e-02
2.60193749129419977e-02
2.60180703609570116e-02
2.59663609920679599e-02
2.59222342326065683e-02
2.58911473097877126e-02
2.58904634358935321e-02
2.58792838031430342e-02
2.58611662600669867e-02
2.58611532998901834e-02
2.58487992144468409e-02
2.58347746422163231e-02
2.57795259476921411e-02
2.57179491081007579e-02
2.56834001714963539e-02
2.56647848883149766e-02
2.56224643576844074e-02
2.56019103281676201e-02
2.55563193215143265e-02
2.55284091991025801e-02
2.55043778525177768e-02
2.54801726500809810e-02
2.54642179063605152e-02
2.54619585078224332e-02
2.54058086180316244e-02
2.53973079100855495e-02
2.53591044375594508e-02
2.53343724864207066e-02
2.52993135975939816e-02
2.52797036526151812e-02
2.52350184842620971e-02
2.52275120553829869e-02
2.52205282079772074e-02
2.52108235999200757e-02
2.52058087893350935e-02
2.51959299466966331e-02
2.51571127641221221e-02
2.50759031658088737e-02
2.50341443000396367e-02
2.50250666078104290e-02
2.50215018414385489e-02
2.49857690052070931e-02
2.49790272093868976e-02
2.49595731530595603e-02
2.49560200314325707e-02
2.49538617662503730e-02
2.49185157141460570e-02
2.49103398096216996e-02
2.48683181991363467e-02
2.48281636924325422e-02
2.47994027242505292e-02
2.47877103494105779e-02
2.47532365787204618e-02
2.47373253300729873e-02
2.46620893643974375e-02
2.46345405092861999e-02
2.46153049147709371e-02
2.45712898327587227e-02
2.45663893651665542e-02
2.45367550873495724e-02
2.45269423924196588e-02
2.45244830106037849e-02
2.45162291586903947e-02
2.44723976251420422e-02
2.44688157164833463e-02
2.44247924785168102e-02
2.44112169981525289e-02
2.43861077912386204e-02
2.43656658827697790e-02
2.43519808712317765e-02
2.43517398032768555e-02
2.43420758170455782e-02
2.43328469775797862e-02
2.43012351719324136e-02
2.43011633728590117e-02
2.42317894424895451e-02
2.41856439243483233e-02
2.41840265745332100e-02
2.41703734231775193e-02
2.41307110355718848e-02
2.41238615197343111e-02
2.40827857578218563e-02
2.40583622257124555e-02
2.40538674327046113e-02
2.39379257327451689e-02
2.38777546239129709e-02
2.38703836863395601e-02
2.38361090654128881e-02
2.38185882861994512e-02
2.37151963417016227e-02
2.37107388328241485e-02
2.36868775612289716e-02
2.36727423837981323e-02
2.36434440436073395e-02
2.36358318508809520e-02
2.36265638229341893e-02
2.36259991358176956e-02
2.35978858722775825e-02
2.35841677156037842e-02
2.35727865024795528e-02
2.35423418560181709e-02
2.35315932223337694e-02
2.34819541753210313e-02
2.34397170299834763e-02
2.34127177014037298e-02
2.34024908146505360e-02
2.33971081747591063e-02
2.33844059592136014e-02
2.33820650781581887e-02
2.33609542038860779e-02
2.33447518338621672e-02
2.33427930911440928e-02
2.32848649551474426e-02
2.32815047687127130e-02
2.32439098243067445e-02
2.32379006698029064e-02
2.32333898305468155e-02
2.32305013693282318e-02
2.31500875706786083e-02
2.31214044325541643e-02
2.31163390656601853e-02
2.31025438902816536e-02
2.30782315826260492e-02
2.30720060810408398e-02
2.30427804753691179e-02
2.30138593844422500e-02
2.29690959078463486e-02
2.29160717470806921e-02
2.29130100711769265e-02
2.29074364057591760e-02
2.28996656725128228e-02
2.28535553652899452e-02
2.28353992497155982e-02
2.27826441734151237e-02
2.27767126873789846e-02
2.27226374028238719e-02
2.27180550378076052e-02
2.26687426806003352e-02
2.26625676734969542e-02
2.25940829725195802e-02
2.25864660476446828e-02
2.25651105483846669e-02
2.25640050060809359e-02
2.25522204956541510e-02
2.25503526919952450e-02
2.24889385621570535e-02
2.24796826781324920e-02
2.24409345343161599e-02
2.24166821103955471e-02
2.24056564198724002e-02
2.24028976876633375e-02
2.24014684167510789e-02
2.23889681262628704e-02
2.23876377197668175e-02
2.23833353572427500e-02
2.23619633848057761e-02
2.23131790402659805e-02
2.22911118002230360e-02
2.21991124831560777e-02
2.21979304856920953e-02
2.21912318211528910e-02
2.21715013738862481e-02
2.21540787990678854e-02
2.21160998127639119e-02
2.20971531542624756e-02
2.20905369515629196e-02
2.20887387616440049e-02
2.20822757524557663e-02
2.20790060129420311e-02
2.20721283688132541e-02
2.20483100968015093e-02
2.20404759392753627e-02
2.20315484863907729e-02
2.20218931351184137e-02
2.19994686840494953e-02
2.19586216903805108e-02
2.19439381659341515e-02
2.18877001023982040e-02
2.18720988658854670e-02
2.18660995296228559e-02
2.18089150582225916e-02
2.17790951138499972e-02
2.17790411551937665e-02
2.17380326967440314e-02
2.17032289874139750e-02
2.16819872413346534e-02
2.16604810267707823e-02
2.16366193964813401e-02
2.16129407942446637e-02
2.16090911064995561e-02
2.16041963596657026e-02
2.15967010811473938e-02
2.15665457542648861e-02
2.15243123264805027e-02
2.15015757107376859e-02
2.14525862717366601e-02
2.14228503073478072e-02
2.14042450758502138e-02
2.13932405261354867e-02
2.13822842483540297e-02
2.13822313497055924e-02
2.13435452876566401e-02
2.13377520241633603e-02
2.12902800598765048e-02
2.12856553839800081e-02
2.12838410654425450e-02
2.12723081129106671e-02
2.12170681266581201e-02
2.12114445002130197e-02
2.11455651340790793e-02
2.11188635989550018e-02
2.11082952922978621e-02
2.11035658369337527e-02
2.10987324935938657e-02
2.10741704931542567e-02
2.10656499771939114e-02
2.10186707360233739e-02
2.10178270500219581e-02
2.09896101743925409e-02
2.09707880360003908e-02
2.09551717571548751e-02
2.09548462812158831e-02
2.09436499332635445e-02
2.09239428442352313e-02
2.09213898367438082e-02
2.09134611977580404e-02
2.08786009250893217e-02
2.08706731099614004e-02
2.08690671627250884e-02
2.08170387356622771e-02
2.08044038127865559e-02
2.07812008124430396e-02
2.07667306791171902e-02
2.07509383634641789e-02
2.07460863156470506e-02
2.07032690218540878e-02
2.06575846893341519e-02
2.06509241674752292e-02
2.06113486853811249e-02
2.06007262444542170e-02
2.05950808662507118e-02
2.05818663312150804e-02
2.05739921382489151e-02
2.05649309363126337e-02
2.05640633681433461e-02
2.05604228368171382e-02
2.05562136088457068e-02
2.05535177596110410e-02
2.05466544055505559e-02
2.05213181677952917e-02
2.05015790006487959e-02
2.05002216376831657e-02
2.04837956110532834e-02
2.04750778864406409e-02
2.04699726741529968e-02
2.04694428683458093e-02
2.04488390897822093e-02
2.04373946211661994e-02
2.04265166254788445e-02
2.03957124281831069e-02
2.03800220270275653e-02
2.03592171597867834e-02
2.03492600050981381e-02
2.03467665717421003e-02
2.03368307286600665e-02
2.03274534288488615e-02
2.03132743229662016e-02
2.02982594660195276e-02
2.02741186921436417e-02
2.02423622211227970e-02
2.02356228501591219e-02
2.02134157773951051e-02
2.02051102466722018e-02
2.01923716276225552e-02
2.01635653256204903e-02
2.01591354830493140e-02
2.01492339509926899e-02
2.01469911665832259e-02
2.01415848195506987e-02
2.00742272474202926e-02
2.00254528640656966e-02
1.99907535986753142e-02
1.99597208491313696e-02
1.99481701243856280e-02
1.99436069712889859e-02
1.98653897290888698e-02
1.98624281437542703e-02
1.98564337351205787e-02
1.98539115014260206e-02
1.98427559857080812e-02
1.98342716267352476e-02
1.98173612034751520e-02
1.98001421511476844e-02
1.97991144403792015e-02
1.97747755579494415e-02
1.97241305626358991e-02
1.96928609268169491e-02
1.96467858693484994e-02
1.96207524612973944e-02
1.96069210789306322e-02
1.95927963541449868e-02
1.95903361111106344e-02
1.95691494508915230e-02
1.95508198211446459e-02
1.95081508610788594e-02
1.94970418986280362e-02
1.94642294371026592e-02
1.94514375357528607e-02
1.94407949111838931e-02
1.93868188444533164e-02
1.93588540826162385e-02
1.93503826920701991e-02
1.93472337560639147e-02
1.93306559917719896e-02
1.92847244067809280e-02
1.92427261764324363e-02
1.92426642805365276e-02
1.92248051442327345e-02
1.92211360187873014e-02
1.92174187246496875e-02
1.92161172690476917e-02
1.91913536055283683e-02
1.91850684225144952e-02
1.91423223277806809e-02
1.91334112913662847e-02
1.91192763068126215e-02
1.91183294951309674e-02
1.91082950654323895e-02
1.90680459745142875e-02
1.90399984140522324e-02
1.90076573299721198e-02
1.90001453985627934e-02
1.89982614648133881e-02
1.89957473782800083e-02
1.89874826717179104e-02
1.89695691855644409e-02
1.89600533662638883e-02
1.89507350540213705e-02
1.89406868049735062e-02
1.89232072740892245e-02
1.89226804060848852e-02
1.89099872191254639e-02
1.89098155839035678e-02
1.88759416382742601e-02
1.88721802239020103e-02
1.88675035433878424e-02
1.88672118376779531e-02
1.88502324353441095e-02
1.88388988445609175e-02
1.88346713367601830e-02
1.88236686545321871e-02
1.88179468907962270e-02
1.88103223890528568e-02
1.87927193169841189e-02
1.87871796733720016e-02
1.87866916367236611e-02
1.87677413340783805e-02
1.87098343541913896e-02
1.86987199307176929e-02
1.86816226131678968e-02
1.86794275190077415e-02
1.86568978684553653e-02
1.86548255657306150e-02
1.86458825614431722e-02
1.86435678788276250e-02
1.86331508420926224e-02
1.86040388072514357e-02
1.85900713967523494e-02
1.85628788602577657e-02
1.85523425484586495e-02
1.85421131249159134e-02
1.85271692487041506e-02
1.85260482785046879e-02
1.85178374843868281e-02
1.84889659936677241e-02
1.84659496647739500e-02
1.84268273080755683e-02
1.83932507631001836e-02
1.83881666073708351e-02
1.83806033163819889e-02
1.83681791609134649e-02
1.83616174940998446e-02
1.83460701666271798e-02
1.83418622672033363e-02
1.83157686022718084e-02
1.83117071397701885e-02
1.83038517639750702e-02
1.82729421234842995e-02
1.82320436443428602e-02
1.82200877206778813e-02
1.82133552934530228e-02
1.81920179550727340e-02
1.81867767103504052e-02
1.81799825112540156e-02
1.81557573960245307e-02
1.81514078638135047e-02
1.81417570904421413e-02
1.81364484762211106e-02
1.81325487621511391e-02
1.81246338246112380e-02
1.81210245527032160e-02
1.81168548805773454e-02
1.81119531961325270e-02
1.80873850011256908e-02
1.80438186444328921e-02
1.80369887815969229e-02
1.80147397154743517e-02
1.79900735312152164e-02
1.79697825735382795e-02
1.79679257570596641e-02
1.79610421495918181e-02
1.79549838262360630e-02
1.79549142882064645e-02
1.79457580642727703e-02
1.78754889215906737e-02
1.78696458229607828e-02
1.78663625758070377e-02
1.78461519927012140e-02
1.78423069166936746e-02
1.78055924528309900e-02
1.77875594032542161e-02
1.77797148422944445e-02
1.77733188555967772e-02
1.77727732803311805e-02
1.77661647804275534e-02
1.76992541476227658e-02
1.76955190061288126e-02
1.76945080301259931e-02
1.76899811038747357e-02
1.76890423430364971e-02
1.76625210619155322e-02
1.76574455507433233e-02
1.76399254395592439e-02
1.76369589934027467e-02
1.76093032989236044e-02
1.76022902506003040e-02
1.75946304050644126e-02
1.75433532505118693e-02
1.75270625967574520e-02
1.75250883932629373e-02
1.75137544449601827e-02
1.74901260293441607e-02
1.74841557906618705e-02
1.74733163401505631e-02
1.74729063477507378e-02
1.74475525488723936e-02
1.74433211487101808e-02
1.74404583296226753e-02
1.74398679826749670e-02
1.74119110623603586e-02
1.74051416855271479e-02
1.73601728230053480e-02
1.73471579925284607e-02
1.73463259043834840e-02
1.73424036987079866e-02
1.73398657349198779e-02
1.73330632954922723e-02
1.73081588980308031e-02
1.72827486474134949e-02
1.72578801345904566e-02
1.72324747474933114e-02
1.71543989931008320e-02
1.71507381204783968e-02
1.71494485321142844e-02
1.70941925203767012e-02
1.70595634310265025e-02
1.70583833585376231e-02
1.70498217897453452e-02
1.70464728555417624e-02
1.70339547263866110e-02
1.70272787924020189e-02
1.69647180679927574e-02
1.69629109129724523e-02
1.69500385660581662e-02
1.69330526614232361e-02
1.69282502753752631e-02
1.68647438452938156e-02
1.68636946098360309e-02
1.68566325187486758e-02
1.68300055546445129e-02
1.68162472731435871e-02
1.68038552521652777e-02
1.67956386242457123e-02
1.67736024329461775e-02
1.67265056074450864e-02
1.67190645329444998e-02
1.67174082579750437e-02
1.67051841368713941e-02
1.67048221263036006e-02
1.66886061891851310e-02
1.66800959737234029e-02
1.66699278670375088e-02
1.66484902984234268e-02
1.66380197576161022e-02
1.66360466585273349e-02
1.65834400290778006e-02
1.65740367968335231e-02
1.65476969793115214e-02
1.64751287265430188e-02
1.64630734174123321e-02
1.64502133532512598e-02
1.64484106977815653e-02
1.64455977324089488e-02
1.64048267613335873e-02
1.64047959956429013e-02
1.64002468156558175e-02
1.63998029196408233e-02
1.63993829163611125e-02
1.63915555892366234e-02
1.63796794422914650e-02
1.63790599620815443e-02
1.63647257673604843e-02
1.63588391217669125e-02
1.63540560495223364e-02
1.63525900554297721e-02
1.63519976832067135e-02
1.63403951958308244e-02
1.63272706821705159e-02
1.63177963205077860e-02
1.63136682815363913e-02
1.62657167286304818e-02
1.62494851721753687e-02
1.62436982712286446e-02
1.62377025954253094e-02
1.62123927423068401e-02
1.61960635571400738e-02
1.61691999541973101e-02
1.61691381932715685e-02
1.61517643884788245e-02
1.61314448058758018e-02
1.61303808572754656e-02
1.60921965447018769e-02
1.60887309704554060e-02
1.60849252110741338e-02
1.60494906641796588e-02
1.60237672184702258e-02
1.60162938290304181e-02
1.60110502136417802e-02
1.59402214516724886e-02
1.59304246448669848e-02
1.59262154544396149e-02
1.59145300162897574e-02
1.59051929754341660e-02
1.58549886351908621e-02
1.58416318502623589e-02
1.58382934027134215e-02
1.57919185740352311e-02
1.57900853381454098e-02
1.57681208558616802e-02
1.57393732106463832e-02
1.57353756463794493e-02
1.57343920782543230e-02
1.57287118262418486e-02
1.57228461674331597e-02
1.57054675627668061e-02
1.57040298236087866e-02
1.56495030607615646e-02
1.56457773231471441e-02
1.56034424114293146e-02
1.55744137729697807e-02
1.55744022959197377e-02
1.55704681672289725e-02
1.55700342589590330e-02
1.55655582266361094e-02
1.55208359477711933e-02
1.55065709209423960e-02
1.55048385734329712e-02
1.54866547794691063e-02
1.54814553978416120e-02
1.54765914216811445e-02
1.54730522913539975e-02
1.54606051172224059e-02
1.54498558049263393e-02
1.54494290469018233e-02
1.54283508116676779e-02
1.54259133120415743e-02
1.54249204872725122e-02
1.54018580533967740e-02
1.53921723222854422e-02
1.53473191941729415e-02
1.53368931252576730e-02
1.53302687510708767e-02
1.53221650290621490e-02
1.53202182168658552e-02
1.53107762078954317e-02
1.53090085665738146e-02
1.52904333957550303e-02
1.52611446598509854e-02
1.52603146220473447e-02
1.52599954657835143e-02
1.52361384543837491e-02
1.52296760229641854e-02
1.52269245935956043e-02
1.52026372042095587e-02
1.52004431441896889e-02
1.51976857731403493e-02
1.51863222958804195e-02
1.51844250343819934e-02
1.51651623322623264e-02
1.51632202571830611e-02
1.51437371080088857e-02
1.51389895240996077e-02
1.51306304248661431e-02
1.51146634751946861e-02
1.51074712384394322e-02
1.50992998515299855e-02
1.50705331332246263e-02
1.50666685263554003e-02
1.50647806031531592e-02
1.50442055166706262e-02
1.50093857371681582e-02
1.50033880075218454e-02
1.49938161055616671e-02
1.49835518296273992e-02
1.49488695612209257e-02
1.49422344495393229e-02
1.49403125903537284e-02
1.49226919765023305e-02
1.49162445628841771e-02
1.49046012744049085e-02
1.48908609176971480e-02
1.48442809134243705e-02
1.48066773283159949e-02
1.47872822681529674e-02
1.47658510910292622e-02
1.47293060510697727e-02
1.47243124937390998e-02
1.47145853917915320e-02
1.47089235751714266e-02
1.46904565837347335e-02
1.46878994746437036e-02
1.46181689582917124e-02
1.46085292880554999e-02
1.46054335054559368e-02
1.46044741553189635e-02
1.45723324041441785e-02
1.45719443836419861e-02
1.45673930276990059e-02
1.45527633090670495e-02
1.45476570664418298e-02
1.45433822197369184e-02
1.45369374325683733e-02
1.45336962266621253e-02
1.45255961106620247e-02
1.45169894652830162e-02
1.44866275349336878e-02
1.44483469540358182e-02
1.44388391598047790e-02
1.44379328899923651e-02
1.44356405117321077e-02
1.44297567888783448e-02
1.44273560779198482e-02
1.44058435409366182e-02
1.43572766123861266e-02
1.43553756739194169e-02
1.43118883997084782e-02
1.42739881362733897e-02
1.42602336459377831e-02
1.42445022996296293e-02
1.41791723181134525e-02
1.41591983522225285e-02
1.41425408188768399e-02
1.41421074372469081e-02
1.41328638965725895e-02
1.41290835842257604e-02
1.41192934769274435e-02
1.41036746368633347e-02
1.41021705698215500e-02
1.40805567040407781e-02
1.40742066088763614e-02
1.40653611819046547e-02
1.40342536780277364e-02
1.40336172785633477e-02
1.40315681416490010e-02
1.40256137556511278e-02
1.40094990524483407e-02
1.39983655540981758e-02
