mode = forced
CONFIGURATION VARIABLES WITH NON-DEFAULT VALUES:

                                        Actual             Default
------------------------------------------------------------------
  FEM_MESHER_SHOW_PROGRESS                 OFF                    
  
  
FEM engine                : 390.000 2020-08-05
FEM solver                : 1.3.0
AFS                       : 3.1.1

 
Machine                             : DESKTOP-6HRV24E
Maximum number of threads           : Automatic
Date                                : Sat May  7 21:20:50 2022
Design                              : F:\Project\RXTX42_ver.0.0\Calculation\Channel_Simulation\simulation\Channel_Simulation_lib\RF_Channel\layout\emSetup_FEM\proj.ep\Simulations\000001\emds_dsn\design

--------------------------------------------------------
         Pass 1
--------------------------------------------------------


*** MESH ***


FEM Mesher: 2.4.7


    
Automatic initial target mesh size: 1.00e+01 mm
   
PROGRESS 33
PROGRESS 35
PROGRESS 36
PROGRESS 37
PROGRESS 38
PROGRESS 40
PROGRESS 41
PROGRESS 42
PROGRESS 43
PROGRESS 45
PROGRESS 46
PROGRESS 47
PROGRESS 48
PROGRESS 49
PROGRESS 51
PROGRESS 52
PROGRESS 53
PROGRESS 54
PROGRESS 56
PROGRESS 57
PROGRESS 58
PROGRESS 59
PROGRESS 61
PROGRESS 62
PROGRESS 63
PROGRESS 64
PROGRESS 66
PROGRESS 77
PROGRESS 88
PROGRESS 90
Generated 3200 Tetrahedra, 6838 Surfaces, 754 Points

    CPU time: 00:00:01.0    Elapsed time: 00:00:01.2

*** SOLVE ***

PROGRESS 26
PROGRESS 27
PROGRESS 28
PROGRESS 32
PROGRESS 33
PROGRESS 34
PROGRESS 37
PROGRESS 38
PROGRESS 39
PROGRESS 42
PROGRESS 43
PROGRESS 44
PROGRESS 47
PROGRESS 50
PROGRESS 52
PROGRESS 54
PROGRESS 57
PROGRESS 60
PROGRESS 64
PROGRESS 67
PROGRESS 68
PROGRESS 70
PROGRESS 72
PROGRESS 73
PROGRESS 74
PROGRESS 75
PROGRESS 90
PROGRESS 100

 1. Frequency: 10 GHz      Unknowns:   21468
    Solver:  Direct threaded 64-bit
    CPU time: 00:00:02.9    Elapsed time: 00:00:01.1    Memory: 133.832 Mbyte 
    Delta S:  not available           [Target:  0.020000]
Generated dataset
Generated dataset

--------------------------------------------------------
         Pass 2
--------------------------------------------------------


*** ADAPT ***

Generated 3775 Tetrahedra, 8042 Surfaces, 882 Points

    CPU time: 00:00:00.2    Elapsed time: 00:00:00.3

*** SOLVE ***

PROGRESS 26
PROGRESS 27
PROGRESS 28
PROGRESS 29
PROGRESS 33
PROGRESS 34
PROGRESS 35
PROGRESS 38
PROGRESS 41
PROGRESS 42
PROGRESS 46
PROGRESS 48
PROGRESS 50
PROGRESS 54
PROGRESS 55
PROGRESS 56
PROGRESS 58
PROGRESS 63
PROGRESS 65
PROGRESS 66
PROGRESS 68
PROGRESS 70
PROGRESS 71
PROGRESS 73
PROGRESS 74
PROGRESS 75
PROGRESS 90
PROGRESS 100

 1. Frequency: 10 GHz      Unknowns:   25298
    Solver:  Direct threaded 64-bit
    CPU time: 00:00:03.4    Elapsed time: 00:00:01.1    Memory: 153.363 Mbyte 
    Delta S:    0.057219           [Target:  0.020000]
Generated dataset
Generated dataset

--------------------------------------------------------
         Pass 3
--------------------------------------------------------


*** ADAPT ***

Generated 4425 Tetrahedra, 9384 Surfaces, 1018 Points

    CPU time: 00:00:00.2    Elapsed time: 00:00:00.2

*** SOLVE ***

PROGRESS 26
PROGRESS 27
PROGRESS 28
PROGRESS 29
PROGRESS 30
PROGRESS 33
PROGRESS 34
PROGRESS 35
PROGRESS 36
PROGRESS 37
PROGRESS 39
PROGRESS 41
PROGRESS 44
PROGRESS 45
PROGRESS 46
PROGRESS 49
PROGRESS 50
PROGRESS 52
PROGRESS 53
PROGRESS 54
PROGRESS 55
PROGRESS 56
PROGRESS 59
PROGRESS 61
PROGRESS 63
PROGRESS 66
PROGRESS 68
PROGRESS 69
PROGRESS 70
PROGRESS 71
PROGRESS 74
PROGRESS 75
PROGRESS 90
PROGRESS 100

 1. Frequency: 10 GHz      Unknowns:   29442
    Solver:  Direct threaded 64-bit
    CPU time: 00:00:04.1    Elapsed time: 00:00:01.3    Memory: 186.285 Mbyte 
    Delta S:    0.082841           [Target:  0.020000]
Generated dataset
Generated dataset

--------------------------------------------------------
         Pass 4
--------------------------------------------------------


*** ADAPT ***

Generated 5280 Tetrahedra, 11130 Surfaces, 1189 Points

    CPU time: 00:00:00.3    Elapsed time: 00:00:00.3

*** SOLVE ***

PROGRESS 26
PROGRESS 27
PROGRESS 28
PROGRESS 29
PROGRESS 30
PROGRESS 31
PROGRESS 33
PROGRESS 36
PROGRESS 37
PROGRESS 38
PROGRESS 39
PROGRESS 40
PROGRESS 41
PROGRESS 42
PROGRESS 43
PROGRESS 44
PROGRESS 45
PROGRESS 46
PROGRESS 47
PROGRESS 48
PROGRESS 49
PROGRESS 50
PROGRESS 51
PROGRESS 53
PROGRESS 55
PROGRESS 57
PROGRESS 58
PROGRESS 59
PROGRESS 61
PROGRESS 62
PROGRESS 64
PROGRESS 65
PROGRESS 68
PROGRESS 69
PROGRESS 71
PROGRESS 73
PROGRESS 74
PROGRESS 75
PROGRESS 90
PROGRESS 100

 1. Frequency: 10 GHz      Unknowns:   34868
    Solver:  Direct threaded 64-bit
    CPU time: 00:00:04.5    Elapsed time: 00:00:01.5    Memory: 212.449 Mbyte 
    Delta S:    0.060482           [Target:  0.020000]
Generated dataset
Generated dataset

--------------------------------------------------------
         Pass 5
--------------------------------------------------------


*** ADAPT ***

Generated 6238 Tetrahedra, 13085 Surfaces, 1380 Points

    CPU time: 00:00:00.3    Elapsed time: 00:00:00.3

*** SOLVE ***

PROGRESS 26
PROGRESS 27
PROGRESS 28
PROGRESS 29
PROGRESS 30
PROGRESS 31
PROGRESS 32
PROGRESS 33
PROGRESS 34
PROGRESS 35
PROGRESS 36
PROGRESS 37
PROGRESS 38
PROGRESS 39
PROGRESS 40
PROGRESS 41
PROGRESS 42
PROGRESS 43
PROGRESS 44
PROGRESS 45
PROGRESS 46
PROGRESS 47
PROGRESS 48
PROGRESS 49
PROGRESS 50
PROGRESS 51
PROGRESS 52
PROGRESS 53
PROGRESS 54
PROGRESS 55
PROGRESS 56
PROGRESS 58
PROGRESS 60
PROGRESS 62
PROGRESS 63
PROGRESS 65
PROGRESS 66
PROGRESS 68
PROGRESS 70
PROGRESS 71
PROGRESS 72
PROGRESS 74
PROGRESS 75
PROGRESS 90
PROGRESS 100

 1. Frequency: 10 GHz      Unknowns:   40994
    Solver:  Direct threaded 64-bit
    CPU time: 00:00:05.7    Elapsed time: 00:00:01.9    Memory: 251.723 Mbyte 
    Delta S:    0.018850           [Target:  0.020000]
Generated dataset
Generated dataset

--------------------------------------------------------
         Computing solution
--------------------------------------------------------


*** SOLVE ***


 1. Frequency: 10 GHz      Unknowns:   34868
    Solver:  reuse
    CPU time: 00:00:04.5    Elapsed time: 00:00:01.5    Memory: 212.449 Mbyte 

 2. Frequency: 100 MHz      Unknowns:   34868
    Solver:  Direct threaded 64-bit
    CPU time: 00:00:04.5    Elapsed time: 00:00:02.5    Memory: 214.152 Mbyte 

 3. Frequency: 3.4 GHz      Unknowns:   34868
    Solver:  Direct threaded 64-bit
    CPU time: 00:00:02.4    Elapsed time: 00:00:00.6    Memory: 214.453 Mbyte 

 4. Frequency: 6.7 GHz      Unknowns:   34868
    Solver:  Direct threaded 64-bit
    CPU time: 00:00:02.4    Elapsed time: 00:00:00.6    Memory: 214.488 Mbyte 

 5. Frequency: 1.75 GHz      Unknowns:   34868
    Solver:  Direct threaded 64-bit
    CPU time: 00:00:02.3    Elapsed time: 00:00:01.0    Memory: 214.488 Mbyte 

 6. Frequency: 2.575 GHz      Unknowns:   34868
    Solver:  Direct threaded 64-bit
    CPU time: 00:00:02.5    Elapsed time: 00:00:01.1    Memory: 214.707 Mbyte 

 7. Frequency: 5.05 GHz      Unknowns:   34868
    Solver:  Direct threaded 64-bit
    CPU time: 00:00:02.2    Elapsed time: 00:00:01.0    Memory: 214.914 Mbyte 

 8. Frequency: 8.35 GHz      Unknowns:   34868
    Solver:  Direct threaded 64-bit
    CPU time: 00:00:02.2    Elapsed time: 00:00:01.0    Memory: 214.953 Mbyte 

 9. Frequency: 9.175 GHz      Unknowns:   34868
    Solver:  Direct threaded 64-bit
    CPU time: 00:00:02.4    Elapsed time: 00:00:01.0    Memory: 215.117 Mbyte 

10. Frequency: 5.875 GHz      Unknowns:   34868
    Solver:  Direct threaded 64-bit
    CPU time: 00:00:02.5    Elapsed time: 00:00:01.0    Memory: 215.125 Mbyte 

11. Frequency: 9.5875 GHz      Unknowns:   34868
    Solver:  Direct threaded 64-bit
    CPU time: 00:00:02.3    Elapsed time: 00:00:01.0    Memory: 215.125 Mbyte 

12. Frequency: 5.4625 GHz      Unknowns:   34868
    Solver:  Direct threaded 64-bit
    CPU time: 00:00:02.7    Elapsed time: 00:00:01.0    Memory: 215.129 Mbyte 

------------------------------------------------
DISTRIBUTION SUMMARY:
master 0    on DESKTOP-6HRV24E 
solver 1    on DESKTOP-6HRV24E:  #freq:11    
------------------------------------------------
------------------------------------------------
Total Elapsed Time = 0:00:35
------------------------------------------------


Simulation results can be reused

